[0.062s] DEBUG:colcon:Command line arguments: ['/usr/bin/colcon', 'build']
[0.062s] DEBUG:colcon:Parsed command line arguments: Namespace(log_base=None, log_level=None, verb_name='build', build_base='build', install_base='install', merge_install=False, symlink_install=False, test_result_base=None, continue_on_error=False, executor='parallel', parallel_workers=32, event_handlers=None, ignore_user_meta=False, metas=['./colcon.meta'], base_paths=['.'], packages_ignore=None, packages_ignore_regex=None, paths=None, packages_up_to=None, packages_up_to_regex=None, packages_above=None, packages_above_and_dependencies=None, packages_above_depth=None, packages_select_by_dep=None, packages_skip_by_dep=None, packages_skip_up_to=None, packages_select_build_failed=False, packages_skip_build_finished=False, packages_select_test_failures=False, packages_skip_test_passed=False, packages_select=None, packages_skip=None, packages_select_regex=None, packages_skip_regex=None, packages_start=None, packages_end=None, allow_overriding=[], cmake_args=None, cmake_target=None, cmake_target_skip_unavailable=False, cmake_clean_cache=False, cmake_clean_first=False, cmake_force_configure=False, ament_cmake_args=None, catkin_cmake_args=None, catkin_skip_building_tests=False, mixin_files=None, mixin=None, verb_parser=<colcon_mixin.mixin.mixin_argument.MixinArgumentDecorator object at 0x764ea4448130>, verb_extension=<colcon_core.verb.build.BuildVerb object at 0x764ea4413b80>, main=<bound method BuildVerb.main of <colcon_core.verb.build.BuildVerb object at 0x764ea4413b80>>, mixin_verb=('build',))
[0.138s] Level 1:colcon.colcon_core.package_discovery:discover_packages(colcon_meta) check parameters
[0.139s] Level 1:colcon.colcon_core.package_discovery:discover_packages(recursive) check parameters
[0.139s] Level 1:colcon.colcon_core.package_discovery:discover_packages(ignore) check parameters
[0.139s] Level 1:colcon.colcon_core.package_discovery:discover_packages(path) check parameters
[0.139s] Level 1:colcon.colcon_core.package_discovery:discover_packages(colcon_meta) discover
[0.139s] Level 1:colcon.colcon_core.package_discovery:discover_packages(recursive) discover
[0.139s] INFO:colcon.colcon_core.package_discovery:Crawling recursively for packages in '/home/omri/apf_control_ws'
[0.139s] Level 1:colcon.colcon_core.package_identification:_identify(.) by extensions ['ignore', 'ignore_ament_install']
[0.139s] Level 1:colcon.colcon_core.package_identification:_identify(.) by extension 'ignore'
[0.139s] Level 1:colcon.colcon_core.package_identification:_identify(.) by extension 'ignore_ament_install'
[0.139s] Level 1:colcon.colcon_core.package_identification:_identify(.) by extensions ['colcon_pkg']
[0.139s] Level 1:colcon.colcon_core.package_identification:_identify(.) by extension 'colcon_pkg'
[0.139s] Level 1:colcon.colcon_core.package_identification:_identify(.) by extensions ['colcon_meta']
[0.139s] Level 1:colcon.colcon_core.package_identification:_identify(.) by extension 'colcon_meta'
[0.139s] Level 1:colcon.colcon_core.package_identification:_identify(.) by extensions ['ros']
[0.139s] Level 1:colcon.colcon_core.package_identification:_identify(.) by extension 'ros'
[0.148s] Level 1:colcon.colcon_core.package_identification:_identify(.) by extensions ['cmake', 'python']
[0.148s] Level 1:colcon.colcon_core.package_identification:_identify(.) by extension 'cmake'
[0.148s] Level 1:colcon.colcon_core.package_identification:_identify(.) by extension 'python'
[0.148s] Level 1:colcon.colcon_core.package_identification:_identify(.) by extensions ['python_setup_py']
[0.148s] Level 1:colcon.colcon_core.package_identification:_identify(.) by extension 'python_setup_py'
[0.148s] Level 1:colcon.colcon_core.package_identification:_identify(build) by extensions ['ignore', 'ignore_ament_install']
[0.148s] Level 1:colcon.colcon_core.package_identification:_identify(build) by extension 'ignore'
[0.148s] Level 1:colcon.colcon_core.package_identification:_identify(build) ignored
[0.148s] Level 1:colcon.colcon_core.package_identification:_identify(install) by extensions ['ignore', 'ignore_ament_install']
[0.148s] Level 1:colcon.colcon_core.package_identification:_identify(install) by extension 'ignore'
[0.148s] Level 1:colcon.colcon_core.package_identification:_identify(install) ignored
[0.148s] Level 1:colcon.colcon_core.package_identification:_identify(log) by extensions ['ignore', 'ignore_ament_install']
[0.148s] Level 1:colcon.colcon_core.package_identification:_identify(log) by extension 'ignore'
[0.148s] Level 1:colcon.colcon_core.package_identification:_identify(log) ignored
[0.148s] Level 1:colcon.colcon_core.package_identification:_identify(src) by extensions ['ignore', 'ignore_ament_install']
[0.148s] Level 1:colcon.colcon_core.package_identification:_identify(src) by extension 'ignore'
[0.148s] Level 1:colcon.colcon_core.package_identification:_identify(src) by extension 'ignore_ament_install'
[0.148s] Level 1:colcon.colcon_core.package_identification:_identify(src) by extensions ['colcon_pkg']
[0.148s] Level 1:colcon.colcon_core.package_identification:_identify(src) by extension 'colcon_pkg'
[0.148s] Level 1:colcon.colcon_core.package_identification:_identify(src) by extensions ['colcon_meta']
[0.148s] Level 1:colcon.colcon_core.package_identification:_identify(src) by extension 'colcon_meta'
[0.148s] Level 1:colcon.colcon_core.package_identification:_identify(src) by extensions ['ros']
[0.148s] Level 1:colcon.colcon_core.package_identification:_identify(src) by extension 'ros'
[0.148s] Level 1:colcon.colcon_core.package_identification:_identify(src) by extensions ['cmake', 'python']
[0.148s] Level 1:colcon.colcon_core.package_identification:_identify(src) by extension 'cmake'
[0.148s] Level 1:colcon.colcon_core.package_identification:_identify(src) by extension 'python'
[0.148s] Level 1:colcon.colcon_core.package_identification:_identify(src) by extensions ['python_setup_py']
[0.148s] Level 1:colcon.colcon_core.package_identification:_identify(src) by extension 'python_setup_py'
[0.148s] Level 1:colcon.colcon_core.package_identification:_identify(src/apf_control) by extensions ['ignore', 'ignore_ament_install']
[0.148s] Level 1:colcon.colcon_core.package_identification:_identify(src/apf_control) by extension 'ignore'
[0.148s] Level 1:colcon.colcon_core.package_identification:_identify(src/apf_control) by extension 'ignore_ament_install'
[0.148s] Level 1:colcon.colcon_core.package_identification:_identify(src/apf_control) by extensions ['colcon_pkg']
[0.148s] Level 1:colcon.colcon_core.package_identification:_identify(src/apf_control) by extension 'colcon_pkg'
[0.148s] Level 1:colcon.colcon_core.package_identification:_identify(src/apf_control) by extensions ['colcon_meta']
[0.148s] Level 1:colcon.colcon_core.package_identification:_identify(src/apf_control) by extension 'colcon_meta'
[0.148s] Level 1:colcon.colcon_core.package_identification:_identify(src/apf_control) by extensions ['ros']
[0.148s] Level 1:colcon.colcon_core.package_identification:_identify(src/apf_control) by extension 'ros'
[0.150s] DEBUG:colcon.colcon_core.package_identification:Package 'src/apf_control' with type 'ros.ament_cmake' and name 'apf_control'
[0.150s] Level 1:colcon.colcon_core.package_identification:_identify(src/apf_description) by extensions ['ignore', 'ignore_ament_install']
[0.150s] Level 1:colcon.colcon_core.package_identification:_identify(src/apf_description) by extension 'ignore'
[0.150s] Level 1:colcon.colcon_core.package_identification:_identify(src/apf_description) by extension 'ignore_ament_install'
[0.150s] Level 1:colcon.colcon_core.package_identification:_identify(src/apf_description) by extensions ['colcon_pkg']
[0.150s] Level 1:colcon.colcon_core.package_identification:_identify(src/apf_description) by extension 'colcon_pkg'
[0.150s] Level 1:colcon.colcon_core.package_identification:_identify(src/apf_description) by extensions ['colcon_meta']
[0.150s] Level 1:colcon.colcon_core.package_identification:_identify(src/apf_description) by extension 'colcon_meta'
[0.150s] Level 1:colcon.colcon_core.package_identification:_identify(src/apf_description) by extensions ['ros']
[0.150s] Level 1:colcon.colcon_core.package_identification:_identify(src/apf_description) by extension 'ros'
[0.150s] DEBUG:colcon.colcon_core.package_identification:Package 'src/apf_description' with type 'ros.ament_cmake' and name 'apf_description'
[0.150s] Level 1:colcon.colcon_core.package_discovery:discover_packages(recursive) using defaults
[0.150s] Level 1:colcon.colcon_core.package_discovery:discover_packages(ignore) discover
[0.150s] Level 1:colcon.colcon_core.package_discovery:discover_packages(ignore) using defaults
[0.150s] Level 1:colcon.colcon_core.package_discovery:discover_packages(path) discover
[0.150s] Level 1:colcon.colcon_core.package_discovery:discover_packages(path) using defaults
[0.159s] Level 1:colcon.colcon_core.package_discovery:discover_packages(prefix_path) check parameters
[0.160s] Level 1:colcon.colcon_core.package_discovery:discover_packages(prefix_path) discover
[0.161s] DEBUG:colcon.colcon_installed_package_information.package_discovery:Found 2 installed packages in /home/omri/apf_control_ws/install
[0.161s] DEBUG:colcon.colcon_installed_package_information.package_discovery:Found 16 installed packages in /home/omri/turtlebot3_ws/install
[0.162s] DEBUG:colcon.colcon_installed_package_information.package_discovery:Found 440 installed packages in /opt/ros/humble
[0.164s] Level 1:colcon.colcon_core.package_discovery:discover_packages(prefix_path) using defaults
[0.187s] Level 5:colcon.colcon_core.verb:set package 'apf_description' build argument 'cmake_args' from command line to 'None'
[0.187s] Level 5:colcon.colcon_core.verb:set package 'apf_description' build argument 'cmake_target' from command line to 'None'
[0.187s] Level 5:colcon.colcon_core.verb:set package 'apf_description' build argument 'cmake_target_skip_unavailable' from command line to 'False'
[0.187s] Level 5:colcon.colcon_core.verb:set package 'apf_description' build argument 'cmake_clean_cache' from command line to 'False'
[0.187s] Level 5:colcon.colcon_core.verb:set package 'apf_description' build argument 'cmake_clean_first' from command line to 'False'
[0.187s] Level 5:colcon.colcon_core.verb:set package 'apf_description' build argument 'cmake_force_configure' from command line to 'False'
[0.187s] Level 5:colcon.colcon_core.verb:set package 'apf_description' build argument 'ament_cmake_args' from command line to 'None'
[0.187s] Level 5:colcon.colcon_core.verb:set package 'apf_description' build argument 'catkin_cmake_args' from command line to 'None'
[0.187s] Level 5:colcon.colcon_core.verb:set package 'apf_description' build argument 'catkin_skip_building_tests' from command line to 'False'
[0.187s] DEBUG:colcon.colcon_core.verb:Building package 'apf_description' with the following arguments: {'ament_cmake_args': None, 'build_base': '/home/omri/apf_control_ws/build/apf_description', 'catkin_cmake_args': None, 'catkin_skip_building_tests': False, 'cmake_args': None, 'cmake_clean_cache': False, 'cmake_clean_first': False, 'cmake_force_configure': False, 'cmake_target': None, 'cmake_target_skip_unavailable': False, 'install_base': '/home/omri/apf_control_ws/install/apf_description', 'merge_install': False, 'path': '/home/omri/apf_control_ws/src/apf_description', 'symlink_install': False, 'test_result_base': None}
[0.187s] Level 5:colcon.colcon_core.verb:set package 'apf_control' build argument 'cmake_args' from command line to 'None'
[0.187s] Level 5:colcon.colcon_core.verb:set package 'apf_control' build argument 'cmake_target' from command line to 'None'
[0.187s] Level 5:colcon.colcon_core.verb:set package 'apf_control' build argument 'cmake_target_skip_unavailable' from command line to 'False'
[0.187s] Level 5:colcon.colcon_core.verb:set package 'apf_control' build argument 'cmake_clean_cache' from command line to 'False'
[0.187s] Level 5:colcon.colcon_core.verb:set package 'apf_control' build argument 'cmake_clean_first' from command line to 'False'
[0.187s] Level 5:colcon.colcon_core.verb:set package 'apf_control' build argument 'cmake_force_configure' from command line to 'False'
[0.187s] Level 5:colcon.colcon_core.verb:set package 'apf_control' build argument 'ament_cmake_args' from command line to 'None'
[0.187s] Level 5:colcon.colcon_core.verb:set package 'apf_control' build argument 'catkin_cmake_args' from command line to 'None'
[0.187s] Level 5:colcon.colcon_core.verb:set package 'apf_control' build argument 'catkin_skip_building_tests' from command line to 'False'
[0.187s] DEBUG:colcon.colcon_core.verb:Building package 'apf_control' with the following arguments: {'ament_cmake_args': None, 'build_base': '/home/omri/apf_control_ws/build/apf_control', 'catkin_cmake_args': None, 'catkin_skip_building_tests': False, 'cmake_args': None, 'cmake_clean_cache': False, 'cmake_clean_first': False, 'cmake_force_configure': False, 'cmake_target': None, 'cmake_target_skip_unavailable': False, 'install_base': '/home/omri/apf_control_ws/install/apf_control', 'merge_install': False, 'path': '/home/omri/apf_control_ws/src/apf_control', 'symlink_install': False, 'test_result_base': None}
[0.187s] INFO:colcon.colcon_core.executor:Executing jobs using 'parallel' executor
[0.188s] DEBUG:colcon.colcon_parallel_executor.executor.parallel:run_until_complete
[0.188s] INFO:colcon.colcon_ros.task.ament_cmake.build:Building ROS package in '/home/omri/apf_control_ws/src/apf_description' with build type 'ament_cmake'
[0.188s] INFO:colcon.colcon_cmake.task.cmake.build:Building CMake package in '/home/omri/apf_control_ws/src/apf_description'
[0.190s] INFO:colcon.colcon_core.plugin_system:Skipping extension 'colcon_core.shell.bat': Not used on non-Windows systems
[0.190s] INFO:colcon.colcon_core.shell:Skip shell extension 'powershell' for command environment: Not usable outside of PowerShell
[0.190s] DEBUG:colcon.colcon_core.shell:Skip shell extension 'dsv' for command environment
[0.195s] DEBUG:colcon.colcon_core.event_handler.log_command:Invoking command in '/home/omri/apf_control_ws/build/apf_description': CMAKE_PREFIX_PATH=${CMAKE_PREFIX_PATH}:/home/omri/turtlebot3_ws/install/turtlebot3_teleop:/home/omri/turtlebot3_ws/install/turtlebot3_example:/opt/ros/humble /usr/bin/cmake /home/omri/apf_control_ws/src/apf_description -DCMAKE_INSTALL_PREFIX=/home/omri/apf_control_ws/install/apf_description
[0.368s] DEBUG:colcon.colcon_core.event_handler.log_command:Invoked command in '/home/omri/apf_control_ws/build/apf_description' returned '0': CMAKE_PREFIX_PATH=${CMAKE_PREFIX_PATH}:/home/omri/turtlebot3_ws/install/turtlebot3_teleop:/home/omri/turtlebot3_ws/install/turtlebot3_example:/opt/ros/humble /usr/bin/cmake /home/omri/apf_control_ws/src/apf_description -DCMAKE_INSTALL_PREFIX=/home/omri/apf_control_ws/install/apf_description
[0.369s] DEBUG:colcon.colcon_core.event_handler.log_command:Invoking command in '/home/omri/apf_control_ws/build/apf_description': CMAKE_PREFIX_PATH=${CMAKE_PREFIX_PATH}:/home/omri/turtlebot3_ws/install/turtlebot3_teleop:/home/omri/turtlebot3_ws/install/turtlebot3_example:/opt/ros/humble /usr/bin/cmake --build /home/omri/apf_control_ws/build/apf_description -- -j32 -l32
[0.407s] DEBUG:colcon.colcon_core.event_handler.log_command:Invoked command in '/home/omri/apf_control_ws/build/apf_description' returned '0': CMAKE_PREFIX_PATH=${CMAKE_PREFIX_PATH}:/home/omri/turtlebot3_ws/install/turtlebot3_teleop:/home/omri/turtlebot3_ws/install/turtlebot3_example:/opt/ros/humble /usr/bin/cmake --build /home/omri/apf_control_ws/build/apf_description -- -j32 -l32
[0.419s] DEBUG:colcon.colcon_core.event_handler.log_command:Invoking command in '/home/omri/apf_control_ws/build/apf_description': CMAKE_PREFIX_PATH=${CMAKE_PREFIX_PATH}:/home/omri/turtlebot3_ws/install/turtlebot3_teleop:/home/omri/turtlebot3_ws/install/turtlebot3_example:/opt/ros/humble /usr/bin/cmake --install /home/omri/apf_control_ws/build/apf_description
[0.462s] Level 1:colcon.colcon_core.environment:create_environment_scripts_only(apf_description)
[0.462s] DEBUG:colcon.colcon_core.event_handler.log_command:Invoked command in '/home/omri/apf_control_ws/build/apf_description' returned '0': CMAKE_PREFIX_PATH=${CMAKE_PREFIX_PATH}:/home/omri/turtlebot3_ws/install/turtlebot3_teleop:/home/omri/turtlebot3_ws/install/turtlebot3_example:/opt/ros/humble /usr/bin/cmake --install /home/omri/apf_control_ws/build/apf_description
[0.466s] Level 1:colcon.colcon_core.environment:checking '/home/omri/apf_control_ws/install/apf_description' for CMake module files
[0.466s] Level 1:colcon.colcon_core.environment:checking '/home/omri/apf_control_ws/install/apf_description' for CMake config files
[0.466s] Level 1:colcon.colcon_core.shell:create_environment_hook('apf_description', 'cmake_prefix_path')
[0.467s] INFO:colcon.colcon_core.shell:Creating environment hook '/home/omri/apf_control_ws/install/apf_description/share/apf_description/hook/cmake_prefix_path.ps1'
[0.468s] INFO:colcon.colcon_core.shell:Creating environment descriptor '/home/omri/apf_control_ws/install/apf_description/share/apf_description/hook/cmake_prefix_path.dsv'
[0.468s] INFO:colcon.colcon_core.shell:Creating environment hook '/home/omri/apf_control_ws/install/apf_description/share/apf_description/hook/cmake_prefix_path.sh'
[0.469s] Level 1:colcon.colcon_core.environment:checking '/home/omri/apf_control_ws/install/apf_description/bin'
[0.469s] Level 1:colcon.colcon_core.environment:checking '/home/omri/apf_control_ws/install/apf_description/lib/pkgconfig/apf_description.pc'
[0.470s] Level 1:colcon.colcon_core.environment:checking '/home/omri/apf_control_ws/install/apf_description/lib/python3.10/site-packages'
[0.470s] Level 1:colcon.colcon_core.environment:checking '/home/omri/apf_control_ws/install/apf_description/bin'
[0.470s] INFO:colcon.colcon_core.shell:Creating package script '/home/omri/apf_control_ws/install/apf_description/share/apf_description/package.ps1'
[0.471s] INFO:colcon.colcon_core.shell:Creating package descriptor '/home/omri/apf_control_ws/install/apf_description/share/apf_description/package.dsv'
[0.472s] INFO:colcon.colcon_core.shell:Creating package script '/home/omri/apf_control_ws/install/apf_description/share/apf_description/package.sh'
[0.473s] INFO:colcon.colcon_core.shell:Creating package script '/home/omri/apf_control_ws/install/apf_description/share/apf_description/package.bash'
[0.473s] INFO:colcon.colcon_core.shell:Creating package script '/home/omri/apf_control_ws/install/apf_description/share/apf_description/package.zsh'
[0.474s] Level 1:colcon.colcon_core.environment:create_file_with_runtime_dependencies(/home/omri/apf_control_ws/install/apf_description/share/colcon-core/packages/apf_description)
[0.475s] Level 1:colcon.colcon_core.environment:create_environment_scripts_only(apf_description)
[0.475s] Level 1:colcon.colcon_core.environment:checking '/home/omri/apf_control_ws/install/apf_description' for CMake module files
[0.475s] Level 1:colcon.colcon_core.environment:checking '/home/omri/apf_control_ws/install/apf_description' for CMake config files
[0.475s] Level 1:colcon.colcon_core.shell:create_environment_hook('apf_description', 'cmake_prefix_path')
[0.475s] INFO:colcon.colcon_core.shell:Creating environment hook '/home/omri/apf_control_ws/install/apf_description/share/apf_description/hook/cmake_prefix_path.ps1'
[0.476s] INFO:colcon.colcon_core.shell:Creating environment descriptor '/home/omri/apf_control_ws/install/apf_description/share/apf_description/hook/cmake_prefix_path.dsv'
[0.476s] INFO:colcon.colcon_core.shell:Creating environment hook '/home/omri/apf_control_ws/install/apf_description/share/apf_description/hook/cmake_prefix_path.sh'
[0.476s] Level 1:colcon.colcon_core.environment:checking '/home/omri/apf_control_ws/install/apf_description/bin'
[0.476s] Level 1:colcon.colcon_core.environment:checking '/home/omri/apf_control_ws/install/apf_description/lib/pkgconfig/apf_description.pc'
[0.477s] Level 1:colcon.colcon_core.environment:checking '/home/omri/apf_control_ws/install/apf_description/lib/python3.10/site-packages'
[0.477s] Level 1:colcon.colcon_core.environment:checking '/home/omri/apf_control_ws/install/apf_description/bin'
[0.477s] INFO:colcon.colcon_core.shell:Creating package script '/home/omri/apf_control_ws/install/apf_description/share/apf_description/package.ps1'
[0.477s] INFO:colcon.colcon_core.shell:Creating package descriptor '/home/omri/apf_control_ws/install/apf_description/share/apf_description/package.dsv'
[0.477s] INFO:colcon.colcon_core.shell:Creating package script '/home/omri/apf_control_ws/install/apf_description/share/apf_description/package.sh'
[0.478s] INFO:colcon.colcon_core.shell:Creating package script '/home/omri/apf_control_ws/install/apf_description/share/apf_description/package.bash'
[0.478s] INFO:colcon.colcon_core.shell:Creating package script '/home/omri/apf_control_ws/install/apf_description/share/apf_description/package.zsh'
[0.478s] Level 1:colcon.colcon_core.environment:create_file_with_runtime_dependencies(/home/omri/apf_control_ws/install/apf_description/share/colcon-core/packages/apf_description)
[0.478s] INFO:colcon.colcon_ros.task.ament_cmake.build:Building ROS package in '/home/omri/apf_control_ws/src/apf_control' with build type 'ament_cmake'
[0.478s] INFO:colcon.colcon_cmake.task.cmake.build:Building CMake package in '/home/omri/apf_control_ws/src/apf_control'
[0.479s] INFO:colcon.colcon_core.shell:Skip shell extension 'powershell' for command environment: Not usable outside of PowerShell
[0.479s] DEBUG:colcon.colcon_core.shell:Skip shell extension 'dsv' for command environment
[0.485s] DEBUG:colcon.colcon_core.event_handler.log_command:Invoking command in '/home/omri/apf_control_ws/build/apf_control': CMAKE_PREFIX_PATH=/home/omri/apf_control_ws/install/apf_description:/home/omri/apf_control_ws/install/apf_control:/home/omri/turtlebot3_ws/install/turtlebot3:/home/omri/turtlebot3_ws/install/turtlebot3_simulations:/home/omri/turtlebot3_ws/install/turtlebot3_bringup:/home/omri/turtlebot3_ws/install/turtlebot3_node:/home/omri/turtlebot3_ws/install/turtlebot3_navigation2:/home/omri/turtlebot3_ws/install/turtlebot3_fake_node:/home/omri/turtlebot3_ws/install/turtlebot3_msgs:/home/omri/turtlebot3_ws/install/turtlebot3_gazebo:/home/omri/turtlebot3_ws/install/turtlebot3_description:/home/omri/turtlebot3_ws/install/turtlebot3_cartographer:/home/omri/turtlebot3_ws/install/nav2_fast_marching_planner:/home/omri/turtlebot3_ws/install/dynamixel_sdk_examples:/home/omri/turtlebot3_ws/install/dynamixel_sdk_custom_interfaces:/home/omri/turtlebot3_ws/install/dynamixel_sdk:/home/omri/turtlebot3_ws/install/turtlebot3_teleop:/home/omri/turtlebot3_ws/install/turtlebot3_example:/opt/ros/humble /usr/bin/cmake /home/omri/apf_control_ws/src/apf_control -DCMAKE_INSTALL_PREFIX=/home/omri/apf_control_ws/install/apf_control
[0.976s] DEBUG:colcon.colcon_core.event_handler.log_command:Invoked command in '/home/omri/apf_control_ws/build/apf_control' returned '0': CMAKE_PREFIX_PATH=/home/omri/apf_control_ws/install/apf_description:/home/omri/apf_control_ws/install/apf_control:/home/omri/turtlebot3_ws/install/turtlebot3:/home/omri/turtlebot3_ws/install/turtlebot3_simulations:/home/omri/turtlebot3_ws/install/turtlebot3_bringup:/home/omri/turtlebot3_ws/install/turtlebot3_node:/home/omri/turtlebot3_ws/install/turtlebot3_navigation2:/home/omri/turtlebot3_ws/install/turtlebot3_fake_node:/home/omri/turtlebot3_ws/install/turtlebot3_msgs:/home/omri/turtlebot3_ws/install/turtlebot3_gazebo:/home/omri/turtlebot3_ws/install/turtlebot3_description:/home/omri/turtlebot3_ws/install/turtlebot3_cartographer:/home/omri/turtlebot3_ws/install/nav2_fast_marching_planner:/home/omri/turtlebot3_ws/install/dynamixel_sdk_examples:/home/omri/turtlebot3_ws/install/dynamixel_sdk_custom_interfaces:/home/omri/turtlebot3_ws/install/dynamixel_sdk:/home/omri/turtlebot3_ws/install/turtlebot3_teleop:/home/omri/turtlebot3_ws/install/turtlebot3_example:/opt/ros/humble /usr/bin/cmake /home/omri/apf_control_ws/src/apf_control -DCMAKE_INSTALL_PREFIX=/home/omri/apf_control_ws/install/apf_control
[0.977s] DEBUG:colcon.colcon_core.event_handler.log_command:Invoking command in '/home/omri/apf_control_ws/build/apf_control': CMAKE_PREFIX_PATH=/home/omri/apf_control_ws/install/apf_description:/home/omri/apf_control_ws/install/apf_control:/home/omri/turtlebot3_ws/install/turtlebot3:/home/omri/turtlebot3_ws/install/turtlebot3_simulations:/home/omri/turtlebot3_ws/install/turtlebot3_bringup:/home/omri/turtlebot3_ws/install/turtlebot3_node:/home/omri/turtlebot3_ws/install/turtlebot3_navigation2:/home/omri/turtlebot3_ws/install/turtlebot3_fake_node:/home/omri/turtlebot3_ws/install/turtlebot3_msgs:/home/omri/turtlebot3_ws/install/turtlebot3_gazebo:/home/omri/turtlebot3_ws/install/turtlebot3_description:/home/omri/turtlebot3_ws/install/turtlebot3_cartographer:/home/omri/turtlebot3_ws/install/nav2_fast_marching_planner:/home/omri/turtlebot3_ws/install/dynamixel_sdk_examples:/home/omri/turtlebot3_ws/install/dynamixel_sdk_custom_interfaces:/home/omri/turtlebot3_ws/install/dynamixel_sdk:/home/omri/turtlebot3_ws/install/turtlebot3_teleop:/home/omri/turtlebot3_ws/install/turtlebot3_example:/opt/ros/humble /usr/bin/cmake --build /home/omri/apf_control_ws/build/apf_control -- -j32 -l32
[1.209s] DEBUG:colcon.colcon_core.event_handler.log_command:Invoked command in '/home/omri/apf_control_ws/build/apf_control' returned '0': CMAKE_PREFIX_PATH=/home/omri/apf_control_ws/install/apf_description:/home/omri/apf_control_ws/install/apf_control:/home/omri/turtlebot3_ws/install/turtlebot3:/home/omri/turtlebot3_ws/install/turtlebot3_simulations:/home/omri/turtlebot3_ws/install/turtlebot3_bringup:/home/omri/turtlebot3_ws/install/turtlebot3_node:/home/omri/turtlebot3_ws/install/turtlebot3_navigation2:/home/omri/turtlebot3_ws/install/turtlebot3_fake_node:/home/omri/turtlebot3_ws/install/turtlebot3_msgs:/home/omri/turtlebot3_ws/install/turtlebot3_gazebo:/home/omri/turtlebot3_ws/install/turtlebot3_description:/home/omri/turtlebot3_ws/install/turtlebot3_cartographer:/home/omri/turtlebot3_ws/install/nav2_fast_marching_planner:/home/omri/turtlebot3_ws/install/dynamixel_sdk_examples:/home/omri/turtlebot3_ws/install/dynamixel_sdk_custom_interfaces:/home/omri/turtlebot3_ws/install/dynamixel_sdk:/home/omri/turtlebot3_ws/install/turtlebot3_teleop:/home/omri/turtlebot3_ws/install/turtlebot3_example:/opt/ros/humble /usr/bin/cmake --build /home/omri/apf_control_ws/build/apf_control -- -j32 -l32
[1.211s] DEBUG:colcon.colcon_core.event_handler.log_command:Invoking command in '/home/omri/apf_control_ws/build/apf_control': CMAKE_PREFIX_PATH=/home/omri/apf_control_ws/install/apf_description:/home/omri/apf_control_ws/install/apf_control:/home/omri/turtlebot3_ws/install/turtlebot3:/home/omri/turtlebot3_ws/install/turtlebot3_simulations:/home/omri/turtlebot3_ws/install/turtlebot3_bringup:/home/omri/turtlebot3_ws/install/turtlebot3_node:/home/omri/turtlebot3_ws/install/turtlebot3_navigation2:/home/omri/turtlebot3_ws/install/turtlebot3_fake_node:/home/omri/turtlebot3_ws/install/turtlebot3_msgs:/home/omri/turtlebot3_ws/install/turtlebot3_gazebo:/home/omri/turtlebot3_ws/install/turtlebot3_description:/home/omri/turtlebot3_ws/install/turtlebot3_cartographer:/home/omri/turtlebot3_ws/install/nav2_fast_marching_planner:/home/omri/turtlebot3_ws/install/dynamixel_sdk_examples:/home/omri/turtlebot3_ws/install/dynamixel_sdk_custom_interfaces:/home/omri/turtlebot3_ws/install/dynamixel_sdk:/home/omri/turtlebot3_ws/install/turtlebot3_teleop:/home/omri/turtlebot3_ws/install/turtlebot3_example:/opt/ros/humble /usr/bin/cmake --install /home/omri/apf_control_ws/build/apf_control
[1.275s] Level 1:colcon.colcon_core.environment:create_environment_scripts_only(apf_control)
[1.275s] Level 1:colcon.colcon_core.environment:checking '/home/omri/apf_control_ws/install/apf_control' for CMake module files
[1.276s] DEBUG:colcon.colcon_core.event_handler.log_command:Invoked command in '/home/omri/apf_control_ws/build/apf_control' returned '0': CMAKE_PREFIX_PATH=/home/omri/apf_control_ws/install/apf_description:/home/omri/apf_control_ws/install/apf_control:/home/omri/turtlebot3_ws/install/turtlebot3:/home/omri/turtlebot3_ws/install/turtlebot3_simulations:/home/omri/turtlebot3_ws/install/turtlebot3_bringup:/home/omri/turtlebot3_ws/install/turtlebot3_node:/home/omri/turtlebot3_ws/install/turtlebot3_navigation2:/home/omri/turtlebot3_ws/install/turtlebot3_fake_node:/home/omri/turtlebot3_ws/install/turtlebot3_msgs:/home/omri/turtlebot3_ws/install/turtlebot3_gazebo:/home/omri/turtlebot3_ws/install/turtlebot3_description:/home/omri/turtlebot3_ws/install/turtlebot3_cartographer:/home/omri/turtlebot3_ws/install/nav2_fast_marching_planner:/home/omri/turtlebot3_ws/install/dynamixel_sdk_examples:/home/omri/turtlebot3_ws/install/dynamixel_sdk_custom_interfaces:/home/omri/turtlebot3_ws/install/dynamixel_sdk:/home/omri/turtlebot3_ws/install/turtlebot3_teleop:/home/omri/turtlebot3_ws/install/turtlebot3_example:/opt/ros/humble /usr/bin/cmake --install /home/omri/apf_control_ws/build/apf_control
[1.276s] Level 1:colcon.colcon_core.environment:checking '/home/omri/apf_control_ws/install/apf_control' for CMake config files
[1.276s] Level 1:colcon.colcon_core.shell:create_environment_hook('apf_control', 'cmake_prefix_path')
[1.276s] INFO:colcon.colcon_core.shell:Creating environment hook '/home/omri/apf_control_ws/install/apf_control/share/apf_control/hook/cmake_prefix_path.ps1'
[1.276s] INFO:colcon.colcon_core.shell:Creating environment descriptor '/home/omri/apf_control_ws/install/apf_control/share/apf_control/hook/cmake_prefix_path.dsv'
[1.276s] INFO:colcon.colcon_core.shell:Creating environment hook '/home/omri/apf_control_ws/install/apf_control/share/apf_control/hook/cmake_prefix_path.sh'
[1.277s] Level 1:colcon.colcon_core.environment:checking '/home/omri/apf_control_ws/install/apf_control/lib'
[1.277s] Level 1:colcon.colcon_core.environment:checking '/home/omri/apf_control_ws/install/apf_control/bin'
[1.277s] Level 1:colcon.colcon_core.environment:checking '/home/omri/apf_control_ws/install/apf_control/lib/pkgconfig/apf_control.pc'
[1.277s] Level 1:colcon.colcon_core.environment:checking '/home/omri/apf_control_ws/install/apf_control/lib/python3.10/site-packages'
[1.277s] Level 1:colcon.colcon_core.environment:checking '/home/omri/apf_control_ws/install/apf_control/bin'
[1.277s] INFO:colcon.colcon_core.shell:Creating package script '/home/omri/apf_control_ws/install/apf_control/share/apf_control/package.ps1'
[1.277s] INFO:colcon.colcon_core.shell:Creating package descriptor '/home/omri/apf_control_ws/install/apf_control/share/apf_control/package.dsv'
[1.278s] INFO:colcon.colcon_core.shell:Creating package script '/home/omri/apf_control_ws/install/apf_control/share/apf_control/package.sh'
[1.278s] INFO:colcon.colcon_core.shell:Creating package script '/home/omri/apf_control_ws/install/apf_control/share/apf_control/package.bash'
[1.278s] INFO:colcon.colcon_core.shell:Creating package script '/home/omri/apf_control_ws/install/apf_control/share/apf_control/package.zsh'
[1.278s] Level 1:colcon.colcon_core.environment:create_file_with_runtime_dependencies(/home/omri/apf_control_ws/install/apf_control/share/colcon-core/packages/apf_control)
[1.278s] Level 1:colcon.colcon_core.environment:create_environment_scripts_only(apf_control)
[1.279s] Level 1:colcon.colcon_core.environment:checking '/home/omri/apf_control_ws/install/apf_control' for CMake module files
[1.279s] Level 1:colcon.colcon_core.environment:checking '/home/omri/apf_control_ws/install/apf_control' for CMake config files
[1.279s] Level 1:colcon.colcon_core.shell:create_environment_hook('apf_control', 'cmake_prefix_path')
[1.279s] INFO:colcon.colcon_core.shell:Creating environment hook '/home/omri/apf_control_ws/install/apf_control/share/apf_control/hook/cmake_prefix_path.ps1'
[1.279s] INFO:colcon.colcon_core.shell:Creating environment descriptor '/home/omri/apf_control_ws/install/apf_control/share/apf_control/hook/cmake_prefix_path.dsv'
[1.279s] INFO:colcon.colcon_core.shell:Creating environment hook '/home/omri/apf_control_ws/install/apf_control/share/apf_control/hook/cmake_prefix_path.sh'
[1.280s] Level 1:colcon.colcon_core.environment:checking '/home/omri/apf_control_ws/install/apf_control/lib'
[1.280s] Level 1:colcon.colcon_core.environment:checking '/home/omri/apf_control_ws/install/apf_control/bin'
[1.280s] Level 1:colcon.colcon_core.environment:checking '/home/omri/apf_control_ws/install/apf_control/lib/pkgconfig/apf_control.pc'
[1.280s] Level 1:colcon.colcon_core.environment:checking '/home/omri/apf_control_ws/install/apf_control/lib/python3.10/site-packages'
[1.280s] Level 1:colcon.colcon_core.environment:checking '/home/omri/apf_control_ws/install/apf_control/bin'
[1.280s] INFO:colcon.colcon_core.shell:Creating package script '/home/omri/apf_control_ws/install/apf_control/share/apf_control/package.ps1'
[1.281s] INFO:colcon.colcon_core.shell:Creating package descriptor '/home/omri/apf_control_ws/install/apf_control/share/apf_control/package.dsv'
[1.281s] INFO:colcon.colcon_core.shell:Creating package script '/home/omri/apf_control_ws/install/apf_control/share/apf_control/package.sh'
[1.281s] INFO:colcon.colcon_core.shell:Creating package script '/home/omri/apf_control_ws/install/apf_control/share/apf_control/package.bash'
[1.281s] INFO:colcon.colcon_core.shell:Creating package script '/home/omri/apf_control_ws/install/apf_control/share/apf_control/package.zsh'
[1.282s] Level 1:colcon.colcon_core.environment:create_file_with_runtime_dependencies(/home/omri/apf_control_ws/install/apf_control/share/colcon-core/packages/apf_control)
[1.282s] DEBUG:colcon.colcon_parallel_executor.executor.parallel:closing loop
[1.282s] DEBUG:colcon.colcon_parallel_executor.executor.parallel:loop closed
[1.282s] DEBUG:colcon.colcon_parallel_executor.executor.parallel:run_until_complete finished with '0'
[1.282s] DEBUG:colcon.colcon_core.event_reactor:joining thread
[1.290s] INFO:colcon.colcon_core.plugin_system:Skipping extension 'colcon_notification.desktop_notification.terminal_notifier': Not used on non-Darwin systems
[1.290s] INFO:colcon.colcon_core.plugin_system:Skipping extension 'colcon_notification.desktop_notification.win32': Not used on non-Windows systems
[1.290s] INFO:colcon.colcon_notification.desktop_notification:Sending desktop notification using 'notify2'
[1.306s] DEBUG:colcon.colcon_core.event_reactor:joined thread
[1.307s] INFO:colcon.colcon_core.shell:Creating prefix script '/home/omri/apf_control_ws/install/local_setup.ps1'
[1.308s] INFO:colcon.colcon_core.shell:Creating prefix util module '/home/omri/apf_control_ws/install/_local_setup_util_ps1.py'
[1.310s] INFO:colcon.colcon_core.shell:Creating prefix chain script '/home/omri/apf_control_ws/install/setup.ps1'
[1.311s] INFO:colcon.colcon_core.shell:Creating prefix script '/home/omri/apf_control_ws/install/local_setup.sh'
[1.311s] INFO:colcon.colcon_core.shell:Creating prefix util module '/home/omri/apf_control_ws/install/_local_setup_util_sh.py'
[1.312s] INFO:colcon.colcon_core.shell:Creating prefix chain script '/home/omri/apf_control_ws/install/setup.sh'
[1.313s] INFO:colcon.colcon_core.shell:Creating prefix script '/home/omri/apf_control_ws/install/local_setup.bash'
[1.314s] INFO:colcon.colcon_core.shell:Creating prefix chain script '/home/omri/apf_control_ws/install/setup.bash'
[1.315s] INFO:colcon.colcon_core.shell:Creating prefix script '/home/omri/apf_control_ws/install/local_setup.zsh'
[1.316s] INFO:colcon.colcon_core.shell:Creating prefix chain script '/home/omri/apf_control_ws/install/setup.zsh'
