Built target ament_cmake_python_symlink_apf_control
running egg_info
writing apf_control.egg-info/PKG-INFO
writing dependency_links to apf_control.egg-info/dependency_links.txt
writing top-level names to apf_control.egg-info/top_level.txt
reading manifest file 'apf_control.egg-info/SOURCES.txt'
writing manifest file 'apf_control.egg-info/SOURCES.txt'
Built target ament_cmake_python_build_apf_control_egg
-- Install configuration: ""
-- Execute custom install script
-- Up-to-date symlink: /home/omri/apf_control_ws/install/apf_control/share/apf_control/environment/pythonpath.sh
-- Up-to-date symlink: /home/omri/apf_control_ws/install/apf_control/share/apf_control/environment/pythonpath.dsv
-- Up-to-date symlink: /home/omri/apf_control_ws/install/apf_control/local/lib/python3.10/dist-packages/apf_control-0.0.0-py3.10.egg-info/PKG-INFO
-- Up-to-date symlink: /home/omri/apf_control_ws/install/apf_control/local/lib/python3.10/dist-packages/apf_control-0.0.0-py3.10.egg-info/SOURCES.txt
-- Up-to-date symlink: /home/omri/apf_control_ws/install/apf_control/local/lib/python3.10/dist-packages/apf_control-0.0.0-py3.10.egg-info/dependency_links.txt
-- Up-to-date symlink: /home/omri/apf_control_ws/install/apf_control/local/lib/python3.10/dist-packages/apf_control-0.0.0-py3.10.egg-info/top_level.txt
-- Up-to-date symlink: /home/omri/apf_control_ws/install/apf_control/local/lib/python3.10/dist-packages/apf_control/__init__.py
-- Up-to-date symlink: /home/omri/apf_control_ws/install/apf_control/local/lib/python3.10/dist-packages/apf_control/apf_controller.py
-- Up-to-date symlink: /home/omri/apf_control_ws/install/apf_control/share/apf_control/config/apf.yaml
-- Up-to-date symlink: /home/omri/apf_control_ws/install/apf_control/share/apf_control/config/apf_controllers.yaml
-- Up-to-date symlink: /home/omri/apf_control_ws/install/apf_control/share/apf_control/launch/apf.launch.py
-- Up-to-date symlink: /home/omri/apf_control_ws/install/apf_control/lib/apf_control/apf_controller.py
-- Up-to-date symlink: /home/omri/apf_control_ws/install/apf_control/share/ament_index/resource_index/package_run_dependencies/apf_control
-- Up-to-date symlink: /home/omri/apf_control_ws/install/apf_control/share/ament_index/resource_index/parent_prefix_path/apf_control
-- Up-to-date symlink: /home/omri/apf_control_ws/install/apf_control/share/apf_control/environment/ament_prefix_path.sh
-- Up-to-date symlink: /home/omri/apf_control_ws/install/apf_control/share/apf_control/environment/ament_prefix_path.dsv
-- Up-to-date symlink: /home/omri/apf_control_ws/install/apf_control/share/apf_control/environment/path.sh
-- Up-to-date symlink: /home/omri/apf_control_ws/install/apf_control/share/apf_control/environment/path.dsv
-- Up-to-date symlink: /home/omri/apf_control_ws/install/apf_control/share/apf_control/local_setup.bash
-- Up-to-date symlink: /home/omri/apf_control_ws/install/apf_control/share/apf_control/local_setup.sh
-- Up-to-date symlink: /home/omri/apf_control_ws/install/apf_control/share/apf_control/local_setup.zsh
-- Up-to-date symlink: /home/omri/apf_control_ws/install/apf_control/share/apf_control/local_setup.dsv
-- Symlinking: /home/omri/apf_control_ws/install/apf_control/share/apf_control/package.dsv
-- Up-to-date symlink: /home/omri/apf_control_ws/install/apf_control/share/ament_index/resource_index/packages/apf_control
-- Up-to-date symlink: /home/omri/apf_control_ws/install/apf_control/share/apf_control/cmake/apf_controlConfig.cmake
-- Up-to-date symlink: /home/omri/apf_control_ws/install/apf_control/share/apf_control/cmake/apf_controlConfig-version.cmake
-- Up-to-date symlink: /home/omri/apf_control_ws/install/apf_control/share/apf_control/package.xml
Listing '/home/omri/apf_control_ws/install/apf_control/local/lib/python3.10/dist-packages/apf_control'...
