[0.007s] Invoking command in '/home/omri/apf_control_ws/build/apf_control': AMENT_PREFIX_PATH=/home/omri/apf_control_ws/install/apf_description:${AMENT_PREFIX_PATH} CMAKE_PREFIX_PATH=/home/omri/apf_control_ws/install/apf_description:/home/omri/turtlebot3_ws/install/turtlebot3:/home/omri/turtlebot3_ws/install/turtlebot3_simulations:/home/omri/turtlebot3_ws/install/turtlebot3_bringup:/home/omri/turtlebot3_ws/install/turtlebot3_node:/home/omri/turtlebot3_ws/install/turtlebot3_navigation2:/home/omri/turtlebot3_ws/install/turtlebot3_fake_node:/home/omri/turtlebot3_ws/install/turtlebot3_msgs:/home/omri/turtlebot3_ws/install/turtlebot3_gazebo:/home/omri/turtlebot3_ws/install/turtlebot3_description:/home/omri/turtlebot3_ws/install/turtlebot3_cartographer:/home/omri/turtlebot3_ws/install/nav2_fast_marching_planner:/home/omri/turtlebot3_ws/install/dynamixel_sdk_examples:/home/omri/turtlebot3_ws/install/dynamixel_sdk_custom_interfaces:/home/omri/turtlebot3_ws/install/dynamixel_sdk:/home/omri/turtlebot3_ws/install/turtlebot3_teleop:/home/omri/turtlebot3_ws/install/turtlebot3_example:/opt/ros/humble /usr/bin/cmake --build /home/omri/apf_control_ws/build/apf_control -- -j32 -l32
[0.075s] Built target ament_cmake_python_symlink_apf_control
[0.214s] running egg_info
[0.214s] writing apf_control.egg-info/PKG-INFO
[0.214s] writing dependency_links to apf_control.egg-info/dependency_links.txt
[0.214s] writing top-level names to apf_control.egg-info/top_level.txt
[0.215s] reading manifest file 'apf_control.egg-info/SOURCES.txt'
[0.216s] writing manifest file 'apf_control.egg-info/SOURCES.txt'
[0.230s] Built target ament_cmake_python_build_apf_control_egg
[0.239s] Invoked command in '/home/omri/apf_control_ws/build/apf_control' returned '0': AMENT_PREFIX_PATH=/home/omri/apf_control_ws/install/apf_description:${AMENT_PREFIX_PATH} CMAKE_PREFIX_PATH=/home/omri/apf_control_ws/install/apf_description:/home/omri/turtlebot3_ws/install/turtlebot3:/home/omri/turtlebot3_ws/install/turtlebot3_simulations:/home/omri/turtlebot3_ws/install/turtlebot3_bringup:/home/omri/turtlebot3_ws/install/turtlebot3_node:/home/omri/turtlebot3_ws/install/turtlebot3_navigation2:/home/omri/turtlebot3_ws/install/turtlebot3_fake_node:/home/omri/turtlebot3_ws/install/turtlebot3_msgs:/home/omri/turtlebot3_ws/install/turtlebot3_gazebo:/home/omri/turtlebot3_ws/install/turtlebot3_description:/home/omri/turtlebot3_ws/install/turtlebot3_cartographer:/home/omri/turtlebot3_ws/install/nav2_fast_marching_planner:/home/omri/turtlebot3_ws/install/dynamixel_sdk_examples:/home/omri/turtlebot3_ws/install/dynamixel_sdk_custom_interfaces:/home/omri/turtlebot3_ws/install/dynamixel_sdk:/home/omri/turtlebot3_ws/install/turtlebot3_teleop:/home/omri/turtlebot3_ws/install/turtlebot3_example:/opt/ros/humble /usr/bin/cmake --build /home/omri/apf_control_ws/build/apf_control -- -j32 -l32
[0.240s] Invoking command in '/home/omri/apf_control_ws/build/apf_control': AMENT_PREFIX_PATH=/home/omri/apf_control_ws/install/apf_description:${AMENT_PREFIX_PATH} CMAKE_PREFIX_PATH=/home/omri/apf_control_ws/install/apf_description:/home/omri/turtlebot3_ws/install/turtlebot3:/home/omri/turtlebot3_ws/install/turtlebot3_simulations:/home/omri/turtlebot3_ws/install/turtlebot3_bringup:/home/omri/turtlebot3_ws/install/turtlebot3_node:/home/omri/turtlebot3_ws/install/turtlebot3_navigation2:/home/omri/turtlebot3_ws/install/turtlebot3_fake_node:/home/omri/turtlebot3_ws/install/turtlebot3_msgs:/home/omri/turtlebot3_ws/install/turtlebot3_gazebo:/home/omri/turtlebot3_ws/install/turtlebot3_description:/home/omri/turtlebot3_ws/install/turtlebot3_cartographer:/home/omri/turtlebot3_ws/install/nav2_fast_marching_planner:/home/omri/turtlebot3_ws/install/dynamixel_sdk_examples:/home/omri/turtlebot3_ws/install/dynamixel_sdk_custom_interfaces:/home/omri/turtlebot3_ws/install/dynamixel_sdk:/home/omri/turtlebot3_ws/install/turtlebot3_teleop:/home/omri/turtlebot3_ws/install/turtlebot3_example:/opt/ros/humble /usr/bin/cmake --install /home/omri/apf_control_ws/build/apf_control
[0.244s] -- Install configuration: ""
[0.245s] -- Execute custom install script
[0.245s] -- Up-to-date symlink: /home/omri/apf_control_ws/install/apf_control/share/apf_control/environment/pythonpath.sh
[0.245s] -- Up-to-date symlink: /home/omri/apf_control_ws/install/apf_control/share/apf_control/environment/pythonpath.dsv
[0.245s] -- Up-to-date symlink: /home/omri/apf_control_ws/install/apf_control/local/lib/python3.10/dist-packages/apf_control-0.0.0-py3.10.egg-info/PKG-INFO
[0.245s] -- Up-to-date symlink: /home/omri/apf_control_ws/install/apf_control/local/lib/python3.10/dist-packages/apf_control-0.0.0-py3.10.egg-info/SOURCES.txt
[0.245s] -- Up-to-date symlink: /home/omri/apf_control_ws/install/apf_control/local/lib/python3.10/dist-packages/apf_control-0.0.0-py3.10.egg-info/dependency_links.txt
[0.245s] -- Up-to-date symlink: /home/omri/apf_control_ws/install/apf_control/local/lib/python3.10/dist-packages/apf_control-0.0.0-py3.10.egg-info/top_level.txt
[0.245s] -- Up-to-date symlink: /home/omri/apf_control_ws/install/apf_control/local/lib/python3.10/dist-packages/apf_control/__init__.py
[0.245s] -- Up-to-date symlink: /home/omri/apf_control_ws/install/apf_control/local/lib/python3.10/dist-packages/apf_control/apf_controller.py
[0.245s] -- Up-to-date symlink: /home/omri/apf_control_ws/install/apf_control/share/apf_control/config/apf.yaml
[0.245s] -- Up-to-date symlink: /home/omri/apf_control_ws/install/apf_control/share/apf_control/config/apf_controllers.yaml
[0.245s] -- Up-to-date symlink: /home/omri/apf_control_ws/install/apf_control/share/apf_control/launch/apf.launch.py
[0.246s] -- Up-to-date symlink: /home/omri/apf_control_ws/install/apf_control/lib/apf_control/apf_controller.py
[0.246s] -- Up-to-date symlink: /home/omri/apf_control_ws/install/apf_control/share/ament_index/resource_index/package_run_dependencies/apf_control
[0.246s] -- Up-to-date symlink: /home/omri/apf_control_ws/install/apf_control/share/ament_index/resource_index/parent_prefix_path/apf_control
[0.246s] -- Up-to-date symlink: /home/omri/apf_control_ws/install/apf_control/share/apf_control/environment/ament_prefix_path.sh
[0.246s] -- Up-to-date symlink: /home/omri/apf_control_ws/install/apf_control/share/apf_control/environment/ament_prefix_path.dsv
[0.246s] -- Up-to-date symlink: /home/omri/apf_control_ws/install/apf_control/share/apf_control/environment/path.sh
[0.246s] -- Up-to-date symlink: /home/omri/apf_control_ws/install/apf_control/share/apf_control/environment/path.dsv
[0.246s] -- Up-to-date symlink: /home/omri/apf_control_ws/install/apf_control/share/apf_control/local_setup.bash
[0.246s] -- Up-to-date symlink: /home/omri/apf_control_ws/install/apf_control/share/apf_control/local_setup.sh
[0.246s] -- Up-to-date symlink: /home/omri/apf_control_ws/install/apf_control/share/apf_control/local_setup.zsh
[0.246s] -- Up-to-date symlink: /home/omri/apf_control_ws/install/apf_control/share/apf_control/local_setup.dsv
[0.246s] -- Symlinking: /home/omri/apf_control_ws/install/apf_control/share/apf_control/package.dsv
[0.252s] -- Up-to-date symlink: /home/omri/apf_control_ws/install/apf_control/share/ament_index/resource_index/packages/apf_control
[0.252s] -- Up-to-date symlink: /home/omri/apf_control_ws/install/apf_control/share/apf_control/cmake/apf_controlConfig.cmake
[0.252s] -- Up-to-date symlink: /home/omri/apf_control_ws/install/apf_control/share/apf_control/cmake/apf_controlConfig-version.cmake
[0.252s] -- Up-to-date symlink: /home/omri/apf_control_ws/install/apf_control/share/apf_control/package.xml
[0.270s] Listing '/home/omri/apf_control_ws/install/apf_control/local/lib/python3.10/dist-packages/apf_control'...
[0.273s] Invoked command in '/home/omri/apf_control_ws/build/apf_control' returned '0': AMENT_PREFIX_PATH=/home/omri/apf_control_ws/install/apf_description:${AMENT_PREFIX_PATH} CMAKE_PREFIX_PATH=/home/omri/apf_control_ws/install/apf_description:/home/omri/turtlebot3_ws/install/turtlebot3:/home/omri/turtlebot3_ws/install/turtlebot3_simulations:/home/omri/turtlebot3_ws/install/turtlebot3_bringup:/home/omri/turtlebot3_ws/install/turtlebot3_node:/home/omri/turtlebot3_ws/install/turtlebot3_navigation2:/home/omri/turtlebot3_ws/install/turtlebot3_fake_node:/home/omri/turtlebot3_ws/install/turtlebot3_msgs:/home/omri/turtlebot3_ws/install/turtlebot3_gazebo:/home/omri/turtlebot3_ws/install/turtlebot3_description:/home/omri/turtlebot3_ws/install/turtlebot3_cartographer:/home/omri/turtlebot3_ws/install/nav2_fast_marching_planner:/home/omri/turtlebot3_ws/install/dynamixel_sdk_examples:/home/omri/turtlebot3_ws/install/dynamixel_sdk_custom_interfaces:/home/omri/turtlebot3_ws/install/dynamixel_sdk:/home/omri/turtlebot3_ws/install/turtlebot3_teleop:/home/omri/turtlebot3_ws/install/turtlebot3_example:/opt/ros/humble /usr/bin/cmake --install /home/omri/apf_control_ws/build/apf_control
