[0.048s] DEBUG:colcon:Command line arguments: ['/usr/bin/colcon', 'build', '--symlink-install']
[0.048s] DEBUG:colcon:Parsed command line arguments: Namespace(log_base=None, log_level=None, verb_name='build', build_base='build', install_base='install', merge_install=False, symlink_install=True, test_result_base=None, continue_on_error=False, executor='parallel', parallel_workers=32, event_handlers=None, ignore_user_meta=False, metas=['./colcon.meta'], base_paths=['.'], packages_ignore=None, packages_ignore_regex=None, paths=None, packages_up_to=None, packages_up_to_regex=None, packages_above=None, packages_above_and_dependencies=None, packages_above_depth=None, packages_select_by_dep=None, packages_skip_by_dep=None, packages_skip_up_to=None, packages_select_build_failed=False, packages_skip_build_finished=False, packages_select_test_failures=False, packages_skip_test_passed=False, packages_select=None, packages_skip=None, packages_select_regex=None, packages_skip_regex=None, packages_start=None, packages_end=None, allow_overriding=[], cmake_args=None, cmake_target=None, cmake_target_skip_unavailable=False, cmake_clean_cache=False, cmake_clean_first=False, cmake_force_configure=False, ament_cmake_args=None, catkin_cmake_args=None, catkin_skip_building_tests=False, mixin_files=None, mixin=None, verb_parser=<colcon_mixin.mixin.mixin_argument.MixinArgumentDecorator object at 0x7515e26f7e80>, verb_extension=<colcon_core.verb.build.BuildVerb object at 0x7515e26f7910>, main=<bound method BuildVerb.main of <colcon_core.verb.build.BuildVerb object at 0x7515e26f7910>>, mixin_verb=('build',))
[0.123s] Level 1:colcon.colcon_core.package_discovery:discover_packages(colcon_meta) check parameters
[0.123s] Level 1:colcon.colcon_core.package_discovery:discover_packages(recursive) check parameters
[0.123s] Level 1:colcon.colcon_core.package_discovery:discover_packages(ignore) check parameters
[0.123s] Level 1:colcon.colcon_core.package_discovery:discover_packages(path) check parameters
[0.123s] Level 1:colcon.colcon_core.package_discovery:discover_packages(colcon_meta) discover
[0.123s] Level 1:colcon.colcon_core.package_discovery:discover_packages(recursive) discover
[0.123s] INFO:colcon.colcon_core.package_discovery:Crawling recursively for packages in '/home/omri/apf_control_ws'
[0.123s] Level 1:colcon.colcon_core.package_identification:_identify(.) by extensions ['ignore', 'ignore_ament_install']
[0.123s] Level 1:colcon.colcon_core.package_identification:_identify(.) by extension 'ignore'
[0.123s] Level 1:colcon.colcon_core.package_identification:_identify(.) by extension 'ignore_ament_install'
[0.123s] Level 1:colcon.colcon_core.package_identification:_identify(.) by extensions ['colcon_pkg']
[0.123s] Level 1:colcon.colcon_core.package_identification:_identify(.) by extension 'colcon_pkg'
[0.123s] Level 1:colcon.colcon_core.package_identification:_identify(.) by extensions ['colcon_meta']
[0.123s] Level 1:colcon.colcon_core.package_identification:_identify(.) by extension 'colcon_meta'
[0.123s] Level 1:colcon.colcon_core.package_identification:_identify(.) by extensions ['ros']
[0.123s] Level 1:colcon.colcon_core.package_identification:_identify(.) by extension 'ros'
[0.133s] Level 1:colcon.colcon_core.package_identification:_identify(.) by extensions ['cmake', 'python']
[0.133s] Level 1:colcon.colcon_core.package_identification:_identify(.) by extension 'cmake'
[0.133s] Level 1:colcon.colcon_core.package_identification:_identify(.) by extension 'python'
[0.133s] Level 1:colcon.colcon_core.package_identification:_identify(.) by extensions ['python_setup_py']
[0.133s] Level 1:colcon.colcon_core.package_identification:_identify(.) by extension 'python_setup_py'
[0.133s] Level 1:colcon.colcon_core.package_identification:_identify(build) by extensions ['ignore', 'ignore_ament_install']
[0.133s] Level 1:colcon.colcon_core.package_identification:_identify(build) by extension 'ignore'
[0.133s] Level 1:colcon.colcon_core.package_identification:_identify(build) ignored
[0.133s] Level 1:colcon.colcon_core.package_identification:_identify(install) by extensions ['ignore', 'ignore_ament_install']
[0.133s] Level 1:colcon.colcon_core.package_identification:_identify(install) by extension 'ignore'
[0.133s] Level 1:colcon.colcon_core.package_identification:_identify(install) ignored
[0.133s] Level 1:colcon.colcon_core.package_identification:_identify(log) by extensions ['ignore', 'ignore_ament_install']
[0.133s] Level 1:colcon.colcon_core.package_identification:_identify(log) by extension 'ignore'
[0.133s] Level 1:colcon.colcon_core.package_identification:_identify(log) ignored
[0.133s] Level 1:colcon.colcon_core.package_identification:_identify(src) by extensions ['ignore', 'ignore_ament_install']
[0.133s] Level 1:colcon.colcon_core.package_identification:_identify(src) by extension 'ignore'
[0.133s] Level 1:colcon.colcon_core.package_identification:_identify(src) by extension 'ignore_ament_install'
[0.133s] Level 1:colcon.colcon_core.package_identification:_identify(src) by extensions ['colcon_pkg']
[0.133s] Level 1:colcon.colcon_core.package_identification:_identify(src) by extension 'colcon_pkg'
[0.133s] Level 1:colcon.colcon_core.package_identification:_identify(src) by extensions ['colcon_meta']
[0.133s] Level 1:colcon.colcon_core.package_identification:_identify(src) by extension 'colcon_meta'
[0.133s] Level 1:colcon.colcon_core.package_identification:_identify(src) by extensions ['ros']
[0.133s] Level 1:colcon.colcon_core.package_identification:_identify(src) by extension 'ros'
[0.133s] Level 1:colcon.colcon_core.package_identification:_identify(src) by extensions ['cmake', 'python']
[0.134s] Level 1:colcon.colcon_core.package_identification:_identify(src) by extension 'cmake'
[0.134s] Level 1:colcon.colcon_core.package_identification:_identify(src) by extension 'python'
[0.134s] Level 1:colcon.colcon_core.package_identification:_identify(src) by extensions ['python_setup_py']
[0.134s] Level 1:colcon.colcon_core.package_identification:_identify(src) by extension 'python_setup_py'
[0.134s] Level 1:colcon.colcon_core.package_identification:_identify(src/apf_control) by extensions ['ignore', 'ignore_ament_install']
[0.134s] Level 1:colcon.colcon_core.package_identification:_identify(src/apf_control) by extension 'ignore'
[0.134s] Level 1:colcon.colcon_core.package_identification:_identify(src/apf_control) by extension 'ignore_ament_install'
[0.134s] Level 1:colcon.colcon_core.package_identification:_identify(src/apf_control) by extensions ['colcon_pkg']
[0.134s] Level 1:colcon.colcon_core.package_identification:_identify(src/apf_control) by extension 'colcon_pkg'
[0.134s] Level 1:colcon.colcon_core.package_identification:_identify(src/apf_control) by extensions ['colcon_meta']
[0.134s] Level 1:colcon.colcon_core.package_identification:_identify(src/apf_control) by extension 'colcon_meta'
[0.134s] Level 1:colcon.colcon_core.package_identification:_identify(src/apf_control) by extensions ['ros']
[0.134s] Level 1:colcon.colcon_core.package_identification:_identify(src/apf_control) by extension 'ros'
[0.135s] DEBUG:colcon.colcon_core.package_identification:Package 'src/apf_control' with type 'ros.ament_cmake' and name 'apf_control'
[0.135s] Level 1:colcon.colcon_core.package_identification:_identify(src/apf_description) by extensions ['ignore', 'ignore_ament_install']
[0.135s] Level 1:colcon.colcon_core.package_identification:_identify(src/apf_description) by extension 'ignore'
[0.135s] Level 1:colcon.colcon_core.package_identification:_identify(src/apf_description) by extension 'ignore_ament_install'
[0.135s] Level 1:colcon.colcon_core.package_identification:_identify(src/apf_description) by extensions ['colcon_pkg']
[0.135s] Level 1:colcon.colcon_core.package_identification:_identify(src/apf_description) by extension 'colcon_pkg'
[0.135s] Level 1:colcon.colcon_core.package_identification:_identify(src/apf_description) by extensions ['colcon_meta']
[0.135s] Level 1:colcon.colcon_core.package_identification:_identify(src/apf_description) by extension 'colcon_meta'
[0.135s] Level 1:colcon.colcon_core.package_identification:_identify(src/apf_description) by extensions ['ros']
[0.135s] Level 1:colcon.colcon_core.package_identification:_identify(src/apf_description) by extension 'ros'
[0.136s] DEBUG:colcon.colcon_core.package_identification:Package 'src/apf_description' with type 'ros.ament_cmake' and name 'apf_description'
[0.136s] Level 1:colcon.colcon_core.package_discovery:discover_packages(recursive) using defaults
[0.136s] Level 1:colcon.colcon_core.package_discovery:discover_packages(ignore) discover
[0.136s] Level 1:colcon.colcon_core.package_discovery:discover_packages(ignore) using defaults
[0.136s] Level 1:colcon.colcon_core.package_discovery:discover_packages(path) discover
[0.136s] Level 1:colcon.colcon_core.package_discovery:discover_packages(path) using defaults
[0.145s] Level 1:colcon.colcon_core.package_discovery:discover_packages(prefix_path) check parameters
[0.145s] Level 1:colcon.colcon_core.package_discovery:discover_packages(prefix_path) discover
[0.146s] DEBUG:colcon.colcon_installed_package_information.package_discovery:Found 16 installed packages in /home/omri/turtlebot3_ws/install
[0.147s] DEBUG:colcon.colcon_installed_package_information.package_discovery:Found 440 installed packages in /opt/ros/humble
[0.148s] Level 1:colcon.colcon_core.package_discovery:discover_packages(prefix_path) using defaults
[0.169s] Level 5:colcon.colcon_core.verb:set package 'apf_description' build argument 'cmake_args' from command line to 'None'
[0.169s] Level 5:colcon.colcon_core.verb:set package 'apf_description' build argument 'cmake_target' from command line to 'None'
[0.169s] Level 5:colcon.colcon_core.verb:set package 'apf_description' build argument 'cmake_target_skip_unavailable' from command line to 'False'
[0.169s] Level 5:colcon.colcon_core.verb:set package 'apf_description' build argument 'cmake_clean_cache' from command line to 'False'
[0.169s] Level 5:colcon.colcon_core.verb:set package 'apf_description' build argument 'cmake_clean_first' from command line to 'False'
[0.169s] Level 5:colcon.colcon_core.verb:set package 'apf_description' build argument 'cmake_force_configure' from command line to 'False'
[0.169s] Level 5:colcon.colcon_core.verb:set package 'apf_description' build argument 'ament_cmake_args' from command line to 'None'
[0.169s] Level 5:colcon.colcon_core.verb:set package 'apf_description' build argument 'catkin_cmake_args' from command line to 'None'
[0.169s] Level 5:colcon.colcon_core.verb:set package 'apf_description' build argument 'catkin_skip_building_tests' from command line to 'False'
[0.169s] DEBUG:colcon.colcon_core.verb:Building package 'apf_description' with the following arguments: {'ament_cmake_args': None, 'build_base': '/home/omri/apf_control_ws/build/apf_description', 'catkin_cmake_args': None, 'catkin_skip_building_tests': False, 'cmake_args': None, 'cmake_clean_cache': False, 'cmake_clean_first': False, 'cmake_force_configure': False, 'cmake_target': None, 'cmake_target_skip_unavailable': False, 'install_base': '/home/omri/apf_control_ws/install/apf_description', 'merge_install': False, 'path': '/home/omri/apf_control_ws/src/apf_description', 'symlink_install': True, 'test_result_base': None}
[0.169s] Level 5:colcon.colcon_core.verb:set package 'apf_control' build argument 'cmake_args' from command line to 'None'
[0.169s] Level 5:colcon.colcon_core.verb:set package 'apf_control' build argument 'cmake_target' from command line to 'None'
[0.169s] Level 5:colcon.colcon_core.verb:set package 'apf_control' build argument 'cmake_target_skip_unavailable' from command line to 'False'
[0.169s] Level 5:colcon.colcon_core.verb:set package 'apf_control' build argument 'cmake_clean_cache' from command line to 'False'
[0.169s] Level 5:colcon.colcon_core.verb:set package 'apf_control' build argument 'cmake_clean_first' from command line to 'False'
[0.169s] Level 5:colcon.colcon_core.verb:set package 'apf_control' build argument 'cmake_force_configure' from command line to 'False'
[0.169s] Level 5:colcon.colcon_core.verb:set package 'apf_control' build argument 'ament_cmake_args' from command line to 'None'
[0.169s] Level 5:colcon.colcon_core.verb:set package 'apf_control' build argument 'catkin_cmake_args' from command line to 'None'
[0.169s] Level 5:colcon.colcon_core.verb:set package 'apf_control' build argument 'catkin_skip_building_tests' from command line to 'False'
[0.169s] DEBUG:colcon.colcon_core.verb:Building package 'apf_control' with the following arguments: {'ament_cmake_args': None, 'build_base': '/home/omri/apf_control_ws/build/apf_control', 'catkin_cmake_args': None, 'catkin_skip_building_tests': False, 'cmake_args': None, 'cmake_clean_cache': False, 'cmake_clean_first': False, 'cmake_force_configure': False, 'cmake_target': None, 'cmake_target_skip_unavailable': False, 'install_base': '/home/omri/apf_control_ws/install/apf_control', 'merge_install': False, 'path': '/home/omri/apf_control_ws/src/apf_control', 'symlink_install': True, 'test_result_base': None}
[0.170s] INFO:colcon.colcon_core.executor:Executing jobs using 'parallel' executor
[0.170s] DEBUG:colcon.colcon_parallel_executor.executor.parallel:run_until_complete
[0.170s] INFO:colcon.colcon_ros.task.ament_cmake.build:Building ROS package in '/home/omri/apf_control_ws/src/apf_description' with build type 'ament_cmake'
[0.170s] INFO:colcon.colcon_cmake.task.cmake.build:Building CMake package in '/home/omri/apf_control_ws/src/apf_description'
[0.171s] INFO:colcon.colcon_core.plugin_system:Skipping extension 'colcon_core.shell.bat': Not used on non-Windows systems
[0.171s] INFO:colcon.colcon_core.shell:Skip shell extension 'powershell' for command environment: Not usable outside of PowerShell
[0.171s] DEBUG:colcon.colcon_core.shell:Skip shell extension 'dsv' for command environment
[0.177s] DEBUG:colcon.colcon_core.event_handler.log_command:Invoking command in '/home/omri/apf_control_ws/build/apf_description': CMAKE_PREFIX_PATH=${CMAKE_PREFIX_PATH}:/home/omri/turtlebot3_ws/install/turtlebot3_teleop:/home/omri/turtlebot3_ws/install/turtlebot3_example:/opt/ros/humble /usr/bin/cmake /home/omri/apf_control_ws/src/apf_description -DAMENT_CMAKE_SYMLINK_INSTALL=1 -DCMAKE_INSTALL_PREFIX=/home/omri/apf_control_ws/install/apf_description
[0.821s] DEBUG:colcon.colcon_core.event_handler.log_command:Invoked command in '/home/omri/apf_control_ws/build/apf_description' returned '0': CMAKE_PREFIX_PATH=${CMAKE_PREFIX_PATH}:/home/omri/turtlebot3_ws/install/turtlebot3_teleop:/home/omri/turtlebot3_ws/install/turtlebot3_example:/opt/ros/humble /usr/bin/cmake /home/omri/apf_control_ws/src/apf_description -DAMENT_CMAKE_SYMLINK_INSTALL=1 -DCMAKE_INSTALL_PREFIX=/home/omri/apf_control_ws/install/apf_description
[0.821s] DEBUG:colcon.colcon_core.event_handler.log_command:Invoking command in '/home/omri/apf_control_ws/build/apf_description': CMAKE_PREFIX_PATH=${CMAKE_PREFIX_PATH}:/home/omri/turtlebot3_ws/install/turtlebot3_teleop:/home/omri/turtlebot3_ws/install/turtlebot3_example:/opt/ros/humble /usr/bin/cmake --build /home/omri/apf_control_ws/build/apf_description -- -j32 -l32
[0.852s] DEBUG:colcon.colcon_core.event_handler.log_command:Invoked command in '/home/omri/apf_control_ws/build/apf_description' returned '0': CMAKE_PREFIX_PATH=${CMAKE_PREFIX_PATH}:/home/omri/turtlebot3_ws/install/turtlebot3_teleop:/home/omri/turtlebot3_ws/install/turtlebot3_example:/opt/ros/humble /usr/bin/cmake --build /home/omri/apf_control_ws/build/apf_description -- -j32 -l32
[0.863s] DEBUG:colcon.colcon_core.event_handler.log_command:Invoking command in '/home/omri/apf_control_ws/build/apf_description': CMAKE_PREFIX_PATH=${CMAKE_PREFIX_PATH}:/home/omri/turtlebot3_ws/install/turtlebot3_teleop:/home/omri/turtlebot3_ws/install/turtlebot3_example:/opt/ros/humble /usr/bin/cmake --install /home/omri/apf_control_ws/build/apf_description
[1.187s] Level 1:colcon.colcon_core.environment:create_environment_scripts_only(apf_description)
[1.187s] DEBUG:colcon.colcon_core.event_handler.log_command:Invoked command in '/home/omri/apf_control_ws/build/apf_description' returned '0': CMAKE_PREFIX_PATH=${CMAKE_PREFIX_PATH}:/home/omri/turtlebot3_ws/install/turtlebot3_teleop:/home/omri/turtlebot3_ws/install/turtlebot3_example:/opt/ros/humble /usr/bin/cmake --install /home/omri/apf_control_ws/build/apf_description
[1.189s] Level 1:colcon.colcon_core.environment:checking '/home/omri/apf_control_ws/install/apf_description' for CMake module files
[1.190s] Level 1:colcon.colcon_core.environment:checking '/home/omri/apf_control_ws/install/apf_description' for CMake config files
[1.190s] Level 1:colcon.colcon_core.shell:create_environment_hook('apf_description', 'cmake_prefix_path')
[1.191s] INFO:colcon.colcon_core.shell:Creating environment hook '/home/omri/apf_control_ws/install/apf_description/share/apf_description/hook/cmake_prefix_path.ps1'
[1.191s] INFO:colcon.colcon_core.shell:Creating environment descriptor '/home/omri/apf_control_ws/install/apf_description/share/apf_description/hook/cmake_prefix_path.dsv'
[1.192s] INFO:colcon.colcon_core.shell:Creating environment hook '/home/omri/apf_control_ws/install/apf_description/share/apf_description/hook/cmake_prefix_path.sh'
[1.194s] Level 1:colcon.colcon_core.environment:checking '/home/omri/apf_control_ws/install/apf_description/bin'
[1.194s] Level 1:colcon.colcon_core.environment:checking '/home/omri/apf_control_ws/install/apf_description/lib/pkgconfig/apf_description.pc'
[1.194s] Level 1:colcon.colcon_core.environment:checking '/home/omri/apf_control_ws/install/apf_description/lib/python3.10/site-packages'
[1.194s] Level 1:colcon.colcon_core.environment:checking '/home/omri/apf_control_ws/install/apf_description/bin'
[1.195s] INFO:colcon.colcon_core.shell:Creating package script '/home/omri/apf_control_ws/install/apf_description/share/apf_description/package.ps1'
[1.196s] INFO:colcon.colcon_core.shell:Creating package descriptor '/home/omri/apf_control_ws/install/apf_description/share/apf_description/package.dsv'
[1.197s] INFO:colcon.colcon_core.shell:Creating package script '/home/omri/apf_control_ws/install/apf_description/share/apf_description/package.sh'
[1.198s] INFO:colcon.colcon_core.shell:Creating package script '/home/omri/apf_control_ws/install/apf_description/share/apf_description/package.bash'
[1.199s] INFO:colcon.colcon_core.shell:Creating package script '/home/omri/apf_control_ws/install/apf_description/share/apf_description/package.zsh'
[1.200s] Level 1:colcon.colcon_core.environment:create_file_with_runtime_dependencies(/home/omri/apf_control_ws/install/apf_description/share/colcon-core/packages/apf_description)
[1.201s] Level 1:colcon.colcon_core.environment:create_environment_scripts_only(apf_description)
[1.201s] Level 1:colcon.colcon_core.environment:checking '/home/omri/apf_control_ws/install/apf_description' for CMake module files
[1.202s] Level 1:colcon.colcon_core.environment:checking '/home/omri/apf_control_ws/install/apf_description' for CMake config files
[1.202s] Level 1:colcon.colcon_core.shell:create_environment_hook('apf_description', 'cmake_prefix_path')
[1.203s] INFO:colcon.colcon_core.shell:Creating environment hook '/home/omri/apf_control_ws/install/apf_description/share/apf_description/hook/cmake_prefix_path.ps1'
[1.203s] INFO:colcon.colcon_core.shell:Creating environment descriptor '/home/omri/apf_control_ws/install/apf_description/share/apf_description/hook/cmake_prefix_path.dsv'
[1.203s] INFO:colcon.colcon_core.shell:Creating environment hook '/home/omri/apf_control_ws/install/apf_description/share/apf_description/hook/cmake_prefix_path.sh'
[1.203s] Level 1:colcon.colcon_core.environment:checking '/home/omri/apf_control_ws/install/apf_description/bin'
[1.203s] Level 1:colcon.colcon_core.environment:checking '/home/omri/apf_control_ws/install/apf_description/lib/pkgconfig/apf_description.pc'
[1.203s] Level 1:colcon.colcon_core.environment:checking '/home/omri/apf_control_ws/install/apf_description/lib/python3.10/site-packages'
[1.203s] Level 1:colcon.colcon_core.environment:checking '/home/omri/apf_control_ws/install/apf_description/bin'
[1.203s] INFO:colcon.colcon_core.shell:Creating package script '/home/omri/apf_control_ws/install/apf_description/share/apf_description/package.ps1'
[1.204s] INFO:colcon.colcon_core.shell:Creating package descriptor '/home/omri/apf_control_ws/install/apf_description/share/apf_description/package.dsv'
[1.204s] INFO:colcon.colcon_core.shell:Creating package script '/home/omri/apf_control_ws/install/apf_description/share/apf_description/package.sh'
[1.205s] INFO:colcon.colcon_core.shell:Creating package script '/home/omri/apf_control_ws/install/apf_description/share/apf_description/package.bash'
[1.205s] INFO:colcon.colcon_core.shell:Creating package script '/home/omri/apf_control_ws/install/apf_description/share/apf_description/package.zsh'
[1.205s] Level 1:colcon.colcon_core.environment:create_file_with_runtime_dependencies(/home/omri/apf_control_ws/install/apf_description/share/colcon-core/packages/apf_description)
[1.205s] INFO:colcon.colcon_ros.task.ament_cmake.build:Building ROS package in '/home/omri/apf_control_ws/src/apf_control' with build type 'ament_cmake'
[1.205s] INFO:colcon.colcon_cmake.task.cmake.build:Building CMake package in '/home/omri/apf_control_ws/src/apf_control'
[1.205s] INFO:colcon.colcon_core.shell:Skip shell extension 'powershell' for command environment: Not usable outside of PowerShell
[1.205s] DEBUG:colcon.colcon_core.shell:Skip shell extension 'dsv' for command environment
[1.212s] DEBUG:colcon.colcon_core.event_handler.log_command:Invoking command in '/home/omri/apf_control_ws/build/apf_control': AMENT_PREFIX_PATH=/home/omri/apf_control_ws/install/apf_description:${AMENT_PREFIX_PATH} CMAKE_PREFIX_PATH=/home/omri/apf_control_ws/install/apf_description:/home/omri/turtlebot3_ws/install/turtlebot3:/home/omri/turtlebot3_ws/install/turtlebot3_simulations:/home/omri/turtlebot3_ws/install/turtlebot3_bringup:/home/omri/turtlebot3_ws/install/turtlebot3_node:/home/omri/turtlebot3_ws/install/turtlebot3_navigation2:/home/omri/turtlebot3_ws/install/turtlebot3_fake_node:/home/omri/turtlebot3_ws/install/turtlebot3_msgs:/home/omri/turtlebot3_ws/install/turtlebot3_gazebo:/home/omri/turtlebot3_ws/install/turtlebot3_description:/home/omri/turtlebot3_ws/install/turtlebot3_cartographer:/home/omri/turtlebot3_ws/install/nav2_fast_marching_planner:/home/omri/turtlebot3_ws/install/dynamixel_sdk_examples:/home/omri/turtlebot3_ws/install/dynamixel_sdk_custom_interfaces:/home/omri/turtlebot3_ws/install/dynamixel_sdk:/home/omri/turtlebot3_ws/install/turtlebot3_teleop:/home/omri/turtlebot3_ws/install/turtlebot3_example:/opt/ros/humble /usr/bin/cmake /home/omri/apf_control_ws/src/apf_control -DAMENT_CMAKE_SYMLINK_INSTALL=1 -DCMAKE_INSTALL_PREFIX=/home/omri/apf_control_ws/install/apf_control
[2.369s] DEBUG:colcon.colcon_core.event_handler.log_command:Invoked command in '/home/omri/apf_control_ws/build/apf_control' returned '0': AMENT_PREFIX_PATH=/home/omri/apf_control_ws/install/apf_description:${AMENT_PREFIX_PATH} CMAKE_PREFIX_PATH=/home/omri/apf_control_ws/install/apf_description:/home/omri/turtlebot3_ws/install/turtlebot3:/home/omri/turtlebot3_ws/install/turtlebot3_simulations:/home/omri/turtlebot3_ws/install/turtlebot3_bringup:/home/omri/turtlebot3_ws/install/turtlebot3_node:/home/omri/turtlebot3_ws/install/turtlebot3_navigation2:/home/omri/turtlebot3_ws/install/turtlebot3_fake_node:/home/omri/turtlebot3_ws/install/turtlebot3_msgs:/home/omri/turtlebot3_ws/install/turtlebot3_gazebo:/home/omri/turtlebot3_ws/install/turtlebot3_description:/home/omri/turtlebot3_ws/install/turtlebot3_cartographer:/home/omri/turtlebot3_ws/install/nav2_fast_marching_planner:/home/omri/turtlebot3_ws/install/dynamixel_sdk_examples:/home/omri/turtlebot3_ws/install/dynamixel_sdk_custom_interfaces:/home/omri/turtlebot3_ws/install/dynamixel_sdk:/home/omri/turtlebot3_ws/install/turtlebot3_teleop:/home/omri/turtlebot3_ws/install/turtlebot3_example:/opt/ros/humble /usr/bin/cmake /home/omri/apf_control_ws/src/apf_control -DAMENT_CMAKE_SYMLINK_INSTALL=1 -DCMAKE_INSTALL_PREFIX=/home/omri/apf_control_ws/install/apf_control
[2.370s] DEBUG:colcon.colcon_core.event_handler.log_command:Invoking command in '/home/omri/apf_control_ws/build/apf_control': AMENT_PREFIX_PATH=/home/omri/apf_control_ws/install/apf_description:${AMENT_PREFIX_PATH} CMAKE_PREFIX_PATH=/home/omri/apf_control_ws/install/apf_description:/home/omri/turtlebot3_ws/install/turtlebot3:/home/omri/turtlebot3_ws/install/turtlebot3_simulations:/home/omri/turtlebot3_ws/install/turtlebot3_bringup:/home/omri/turtlebot3_ws/install/turtlebot3_node:/home/omri/turtlebot3_ws/install/turtlebot3_navigation2:/home/omri/turtlebot3_ws/install/turtlebot3_fake_node:/home/omri/turtlebot3_ws/install/turtlebot3_msgs:/home/omri/turtlebot3_ws/install/turtlebot3_gazebo:/home/omri/turtlebot3_ws/install/turtlebot3_description:/home/omri/turtlebot3_ws/install/turtlebot3_cartographer:/home/omri/turtlebot3_ws/install/nav2_fast_marching_planner:/home/omri/turtlebot3_ws/install/dynamixel_sdk_examples:/home/omri/turtlebot3_ws/install/dynamixel_sdk_custom_interfaces:/home/omri/turtlebot3_ws/install/dynamixel_sdk:/home/omri/turtlebot3_ws/install/turtlebot3_teleop:/home/omri/turtlebot3_ws/install/turtlebot3_example:/opt/ros/humble /usr/bin/cmake --build /home/omri/apf_control_ws/build/apf_control -- -j32 -l32
[2.595s] DEBUG:colcon.colcon_core.event_handler.log_command:Invoked command in '/home/omri/apf_control_ws/build/apf_control' returned '0': AMENT_PREFIX_PATH=/home/omri/apf_control_ws/install/apf_description:${AMENT_PREFIX_PATH} CMAKE_PREFIX_PATH=/home/omri/apf_control_ws/install/apf_description:/home/omri/turtlebot3_ws/install/turtlebot3:/home/omri/turtlebot3_ws/install/turtlebot3_simulations:/home/omri/turtlebot3_ws/install/turtlebot3_bringup:/home/omri/turtlebot3_ws/install/turtlebot3_node:/home/omri/turtlebot3_ws/install/turtlebot3_navigation2:/home/omri/turtlebot3_ws/install/turtlebot3_fake_node:/home/omri/turtlebot3_ws/install/turtlebot3_msgs:/home/omri/turtlebot3_ws/install/turtlebot3_gazebo:/home/omri/turtlebot3_ws/install/turtlebot3_description:/home/omri/turtlebot3_ws/install/turtlebot3_cartographer:/home/omri/turtlebot3_ws/install/nav2_fast_marching_planner:/home/omri/turtlebot3_ws/install/dynamixel_sdk_examples:/home/omri/turtlebot3_ws/install/dynamixel_sdk_custom_interfaces:/home/omri/turtlebot3_ws/install/dynamixel_sdk:/home/omri/turtlebot3_ws/install/turtlebot3_teleop:/home/omri/turtlebot3_ws/install/turtlebot3_example:/opt/ros/humble /usr/bin/cmake --build /home/omri/apf_control_ws/build/apf_control -- -j32 -l32
[2.595s] DEBUG:colcon.colcon_core.event_handler.log_command:Invoking command in '/home/omri/apf_control_ws/build/apf_control': AMENT_PREFIX_PATH=/home/omri/apf_control_ws/install/apf_description:${AMENT_PREFIX_PATH} CMAKE_PREFIX_PATH=/home/omri/apf_control_ws/install/apf_description:/home/omri/turtlebot3_ws/install/turtlebot3:/home/omri/turtlebot3_ws/install/turtlebot3_simulations:/home/omri/turtlebot3_ws/install/turtlebot3_bringup:/home/omri/turtlebot3_ws/install/turtlebot3_node:/home/omri/turtlebot3_ws/install/turtlebot3_navigation2:/home/omri/turtlebot3_ws/install/turtlebot3_fake_node:/home/omri/turtlebot3_ws/install/turtlebot3_msgs:/home/omri/turtlebot3_ws/install/turtlebot3_gazebo:/home/omri/turtlebot3_ws/install/turtlebot3_description:/home/omri/turtlebot3_ws/install/turtlebot3_cartographer:/home/omri/turtlebot3_ws/install/nav2_fast_marching_planner:/home/omri/turtlebot3_ws/install/dynamixel_sdk_examples:/home/omri/turtlebot3_ws/install/dynamixel_sdk_custom_interfaces:/home/omri/turtlebot3_ws/install/dynamixel_sdk:/home/omri/turtlebot3_ws/install/turtlebot3_teleop:/home/omri/turtlebot3_ws/install/turtlebot3_example:/opt/ros/humble /usr/bin/cmake --install /home/omri/apf_control_ws/build/apf_control
[2.893s] Level 1:colcon.colcon_core.environment:create_environment_scripts_only(apf_control)
[2.893s] Level 1:colcon.colcon_core.environment:checking '/home/omri/apf_control_ws/install/apf_control' for CMake module files
[2.893s] DEBUG:colcon.colcon_core.event_handler.log_command:Invoked command in '/home/omri/apf_control_ws/build/apf_control' returned '0': AMENT_PREFIX_PATH=/home/omri/apf_control_ws/install/apf_description:${AMENT_PREFIX_PATH} CMAKE_PREFIX_PATH=/home/omri/apf_control_ws/install/apf_description:/home/omri/turtlebot3_ws/install/turtlebot3:/home/omri/turtlebot3_ws/install/turtlebot3_simulations:/home/omri/turtlebot3_ws/install/turtlebot3_bringup:/home/omri/turtlebot3_ws/install/turtlebot3_node:/home/omri/turtlebot3_ws/install/turtlebot3_navigation2:/home/omri/turtlebot3_ws/install/turtlebot3_fake_node:/home/omri/turtlebot3_ws/install/turtlebot3_msgs:/home/omri/turtlebot3_ws/install/turtlebot3_gazebo:/home/omri/turtlebot3_ws/install/turtlebot3_description:/home/omri/turtlebot3_ws/install/turtlebot3_cartographer:/home/omri/turtlebot3_ws/install/nav2_fast_marching_planner:/home/omri/turtlebot3_ws/install/dynamixel_sdk_examples:/home/omri/turtlebot3_ws/install/dynamixel_sdk_custom_interfaces:/home/omri/turtlebot3_ws/install/dynamixel_sdk:/home/omri/turtlebot3_ws/install/turtlebot3_teleop:/home/omri/turtlebot3_ws/install/turtlebot3_example:/opt/ros/humble /usr/bin/cmake --install /home/omri/apf_control_ws/build/apf_control
[2.893s] Level 1:colcon.colcon_core.environment:checking '/home/omri/apf_control_ws/install/apf_control' for CMake config files
[2.893s] Level 1:colcon.colcon_core.shell:create_environment_hook('apf_control', 'cmake_prefix_path')
[2.893s] INFO:colcon.colcon_core.shell:Creating environment hook '/home/omri/apf_control_ws/install/apf_control/share/apf_control/hook/cmake_prefix_path.ps1'
[2.894s] INFO:colcon.colcon_core.shell:Creating environment descriptor '/home/omri/apf_control_ws/install/apf_control/share/apf_control/hook/cmake_prefix_path.dsv'
[2.894s] INFO:colcon.colcon_core.shell:Creating environment hook '/home/omri/apf_control_ws/install/apf_control/share/apf_control/hook/cmake_prefix_path.sh'
[2.894s] Level 1:colcon.colcon_core.environment:checking '/home/omri/apf_control_ws/install/apf_control/lib'
[2.894s] Level 1:colcon.colcon_core.environment:checking '/home/omri/apf_control_ws/install/apf_control/bin'
[2.894s] Level 1:colcon.colcon_core.environment:checking '/home/omri/apf_control_ws/install/apf_control/lib/pkgconfig/apf_control.pc'
[2.894s] Level 1:colcon.colcon_core.environment:checking '/home/omri/apf_control_ws/install/apf_control/lib/python3.10/site-packages'
[2.894s] Level 1:colcon.colcon_core.environment:checking '/home/omri/apf_control_ws/install/apf_control/bin'
[2.894s] INFO:colcon.colcon_core.shell:Creating package script '/home/omri/apf_control_ws/install/apf_control/share/apf_control/package.ps1'
[2.895s] INFO:colcon.colcon_core.shell:Creating package descriptor '/home/omri/apf_control_ws/install/apf_control/share/apf_control/package.dsv'
[2.895s] INFO:colcon.colcon_core.shell:Creating package script '/home/omri/apf_control_ws/install/apf_control/share/apf_control/package.sh'
[2.895s] INFO:colcon.colcon_core.shell:Creating package script '/home/omri/apf_control_ws/install/apf_control/share/apf_control/package.bash'
[2.895s] INFO:colcon.colcon_core.shell:Creating package script '/home/omri/apf_control_ws/install/apf_control/share/apf_control/package.zsh'
[2.895s] Level 1:colcon.colcon_core.environment:create_file_with_runtime_dependencies(/home/omri/apf_control_ws/install/apf_control/share/colcon-core/packages/apf_control)
[2.895s] Level 1:colcon.colcon_core.environment:create_environment_scripts_only(apf_control)
[2.895s] Level 1:colcon.colcon_core.environment:checking '/home/omri/apf_control_ws/install/apf_control' for CMake module files
[2.896s] Level 1:colcon.colcon_core.environment:checking '/home/omri/apf_control_ws/install/apf_control' for CMake config files
[2.896s] Level 1:colcon.colcon_core.shell:create_environment_hook('apf_control', 'cmake_prefix_path')
[2.896s] INFO:colcon.colcon_core.shell:Creating environment hook '/home/omri/apf_control_ws/install/apf_control/share/apf_control/hook/cmake_prefix_path.ps1'
[2.896s] INFO:colcon.colcon_core.shell:Creating environment descriptor '/home/omri/apf_control_ws/install/apf_control/share/apf_control/hook/cmake_prefix_path.dsv'
[2.896s] INFO:colcon.colcon_core.shell:Creating environment hook '/home/omri/apf_control_ws/install/apf_control/share/apf_control/hook/cmake_prefix_path.sh'
[2.896s] Level 1:colcon.colcon_core.environment:checking '/home/omri/apf_control_ws/install/apf_control/lib'
[2.896s] Level 1:colcon.colcon_core.environment:checking '/home/omri/apf_control_ws/install/apf_control/bin'
[2.896s] Level 1:colcon.colcon_core.environment:checking '/home/omri/apf_control_ws/install/apf_control/lib/pkgconfig/apf_control.pc'
[2.896s] Level 1:colcon.colcon_core.environment:checking '/home/omri/apf_control_ws/install/apf_control/lib/python3.10/site-packages'
[2.896s] Level 1:colcon.colcon_core.environment:checking '/home/omri/apf_control_ws/install/apf_control/bin'
[2.897s] INFO:colcon.colcon_core.shell:Creating package script '/home/omri/apf_control_ws/install/apf_control/share/apf_control/package.ps1'
[2.897s] INFO:colcon.colcon_core.shell:Creating package descriptor '/home/omri/apf_control_ws/install/apf_control/share/apf_control/package.dsv'
[2.897s] INFO:colcon.colcon_core.shell:Creating package script '/home/omri/apf_control_ws/install/apf_control/share/apf_control/package.sh'
[2.897s] INFO:colcon.colcon_core.shell:Creating package script '/home/omri/apf_control_ws/install/apf_control/share/apf_control/package.bash'
[2.897s] INFO:colcon.colcon_core.shell:Creating package script '/home/omri/apf_control_ws/install/apf_control/share/apf_control/package.zsh'
[2.897s] Level 1:colcon.colcon_core.environment:create_file_with_runtime_dependencies(/home/omri/apf_control_ws/install/apf_control/share/colcon-core/packages/apf_control)
[2.897s] DEBUG:colcon.colcon_parallel_executor.executor.parallel:closing loop
[2.897s] DEBUG:colcon.colcon_parallel_executor.executor.parallel:loop closed
[2.898s] DEBUG:colcon.colcon_parallel_executor.executor.parallel:run_until_complete finished with '0'
[2.898s] DEBUG:colcon.colcon_core.event_reactor:joining thread
[2.900s] INFO:colcon.colcon_core.plugin_system:Skipping extension 'colcon_notification.desktop_notification.terminal_notifier': Not used on non-Darwin systems
[2.900s] INFO:colcon.colcon_core.plugin_system:Skipping extension 'colcon_notification.desktop_notification.win32': Not used on non-Windows systems
[2.900s] INFO:colcon.colcon_notification.desktop_notification:Sending desktop notification using 'notify2'
[2.909s] DEBUG:colcon.colcon_core.event_reactor:joined thread
[2.909s] INFO:colcon.colcon_core.shell:Creating prefix script '/home/omri/apf_control_ws/install/local_setup.ps1'
[2.909s] INFO:colcon.colcon_core.shell:Creating prefix util module '/home/omri/apf_control_ws/install/_local_setup_util_ps1.py'
[2.910s] INFO:colcon.colcon_core.shell:Creating prefix chain script '/home/omri/apf_control_ws/install/setup.ps1'
[2.910s] INFO:colcon.colcon_core.shell:Creating prefix script '/home/omri/apf_control_ws/install/local_setup.sh'
[2.910s] INFO:colcon.colcon_core.shell:Creating prefix util module '/home/omri/apf_control_ws/install/_local_setup_util_sh.py'
[2.911s] INFO:colcon.colcon_core.shell:Creating prefix chain script '/home/omri/apf_control_ws/install/setup.sh'
[2.911s] INFO:colcon.colcon_core.shell:Creating prefix script '/home/omri/apf_control_ws/install/local_setup.bash'
[2.911s] INFO:colcon.colcon_core.shell:Creating prefix chain script '/home/omri/apf_control_ws/install/setup.bash'
[2.912s] INFO:colcon.colcon_core.shell:Creating prefix script '/home/omri/apf_control_ws/install/local_setup.zsh'
[2.912s] INFO:colcon.colcon_core.shell:Creating prefix chain script '/home/omri/apf_control_ws/install/setup.zsh'
