[0.006s] Invoking command in '/home/omri/apf_control_ws/build/apf_description': CMAKE_PREFIX_PATH=${CMAKE_PREFIX_PATH}:/home/omri/turtlebot3_ws/install/turtlebot3_teleop:/home/omri/turtlebot3_ws/install/turtlebot3_example:/opt/ros/humble /usr/bin/cmake /home/omri/apf_control_ws/src/apf_description -DAMENT_CMAKE_SYMLINK_INSTALL=1 -DCMAKE_INSTALL_PREFIX=/home/omri/apf_control_ws/install/apf_description
[0.110s] -- The C compiler identification is GNU 11.4.0
[0.194s] -- The CXX compiler identification is GNU 11.4.0
[0.200s] -- Detecting C compiler ABI info
[0.290s] -- Detecting C compiler ABI info - done
[0.297s] -- Check for working C compiler: /usr/bin/cc - skipped
[0.297s] -- Detecting C compile features
[0.297s] -- Detecting C compile features - done
[0.299s] -- Detecting CXX compiler ABI info
[0.378s] -- Detecting CXX compiler ABI info - done
[0.386s] -- Check for working CXX compiler: /usr/bin/c++ - skipped
[0.386s] -- Detecting CXX compile features
[0.386s] -- Detecting CXX compile features - done
[0.388s] -- Found ament_cmake: 1.3.11 (/opt/ros/humble/share/ament_cmake/cmake)
[0.528s] -- Found Python3: /usr/bin/python3 (found version "3.10.12") found components: Interpreter 
[0.569s] -- Override CMake install command with custom implementation using symlinks instead of copying resources
[0.592s] -- Found ament_lint_auto: 0.12.12 (/opt/ros/humble/share/ament_lint_auto/cmake)
[0.643s] -- Added test 'flake8' to check Python code syntax and style conventions
[0.644s] -- Added test 'lint_cmake' to check CMake code style
[0.644s] -- Added test 'pep257' to check Python code against some of the docstring style conventions in PEP 257
[0.644s] -- Added test 'xmllint' to check XML markup files
[0.645s] -- Configuring done
[0.646s] -- Generating done
[0.647s] -- Build files have been written to: /home/omri/apf_control_ws/build/apf_description
[0.650s] Invoked command in '/home/omri/apf_control_ws/build/apf_description' returned '0': CMAKE_PREFIX_PATH=${CMAKE_PREFIX_PATH}:/home/omri/turtlebot3_ws/install/turtlebot3_teleop:/home/omri/turtlebot3_ws/install/turtlebot3_example:/opt/ros/humble /usr/bin/cmake /home/omri/apf_control_ws/src/apf_description -DAMENT_CMAKE_SYMLINK_INSTALL=1 -DCMAKE_INSTALL_PREFIX=/home/omri/apf_control_ws/install/apf_description
[0.650s] Invoking command in '/home/omri/apf_control_ws/build/apf_description': CMAKE_PREFIX_PATH=${CMAKE_PREFIX_PATH}:/home/omri/turtlebot3_ws/install/turtlebot3_teleop:/home/omri/turtlebot3_ws/install/turtlebot3_example:/opt/ros/humble /usr/bin/cmake --build /home/omri/apf_control_ws/build/apf_description -- -j32 -l32
[0.682s] Invoked command in '/home/omri/apf_control_ws/build/apf_description' returned '0': CMAKE_PREFIX_PATH=${CMAKE_PREFIX_PATH}:/home/omri/turtlebot3_ws/install/turtlebot3_teleop:/home/omri/turtlebot3_ws/install/turtlebot3_example:/opt/ros/humble /usr/bin/cmake --build /home/omri/apf_control_ws/build/apf_description -- -j32 -l32
[0.692s] Invoking command in '/home/omri/apf_control_ws/build/apf_description': CMAKE_PREFIX_PATH=${CMAKE_PREFIX_PATH}:/home/omri/turtlebot3_ws/install/turtlebot3_teleop:/home/omri/turtlebot3_ws/install/turtlebot3_example:/opt/ros/humble /usr/bin/cmake --install /home/omri/apf_control_ws/build/apf_description
[0.701s] -- Install configuration: ""
[0.702s] -- Execute custom install script
[0.702s] -- Symlinking: /home/omri/apf_control_ws/install/apf_description/share/apf_description/meshes/base_link.STL
[0.713s] -- Symlinking: /home/omri/apf_control_ws/install/apf_description/share/apf_description/meshes/caster_front_link.STL
[0.721s] -- Symlinking: /home/omri/apf_control_ws/install/apf_description/share/apf_description/meshes/caster_rear_link.STL
[0.730s] -- Symlinking: /home/omri/apf_control_ws/install/apf_description/share/apf_description/meshes/imu_link.STL
[0.738s] -- Symlinking: /home/omri/apf_control_ws/install/apf_description/share/apf_description/meshes/wheel_left_link.STL
[0.748s] -- Symlinking: /home/omri/apf_control_ws/install/apf_description/share/apf_description/meshes/wheel_right_link.STL
[0.758s] -- Symlinking: /home/omri/apf_control_ws/install/apf_description/share/apf_description/urdf/apf.urdf.xacro
[0.767s] -- Symlinking: /home/omri/apf_control_ws/install/apf_description/share/apf_description/urdf/apf_gazebo.xacro
[0.777s] -- Symlinking: /home/omri/apf_control_ws/install/apf_description/share/apf_description/urdf/apf_ros2_control.xacro
[0.787s] -- Symlinking: /home/omri/apf_control_ws/install/apf_description/share/apf_description/urdf/apfbot.xacro
[0.796s] -- Symlinking: /home/omri/apf_control_ws/install/apf_description/share/apf_description/urdf/apfbot_macro.xacro
[0.805s] -- Symlinking: /home/omri/apf_control_ws/install/apf_description/share/apf_description/urdf/apfbot_with_lidar.xacro
[0.816s] -- Symlinking: /home/omri/apf_control_ws/install/apf_description/share/apf_description/urdf/apfbot_with_lidar_control.xacro
[0.825s] -- Symlinking: /home/omri/apf_control_ws/install/apf_description/share/apf_description/urdf/common_properties.xacro
[0.835s] -- Symlinking: /home/omri/apf_control_ws/install/apf_description/share/apf_description/rviz/display.rviz
[0.844s] -- Symlinking: /home/omri/apf_control_ws/install/apf_description/share/apf_description/launch/apfbot_gazebo.launch.py
[0.854s] -- Symlinking: /home/omri/apf_control_ws/install/apf_description/share/apf_description/launch/display.launch.py
[0.864s] -- Symlinking: /home/omri/apf_control_ws/install/apf_description/share/ament_index/resource_index/package_run_dependencies/apf_description
[0.874s] -- Symlinking: /home/omri/apf_control_ws/install/apf_description/share/ament_index/resource_index/parent_prefix_path/apf_description
[0.881s] -- Symlinking: /home/omri/apf_control_ws/install/apf_description/share/apf_description/environment/ament_prefix_path.sh
[0.890s] -- Symlinking: /home/omri/apf_control_ws/install/apf_description/share/apf_description/environment/ament_prefix_path.dsv
[0.899s] -- Symlinking: /home/omri/apf_control_ws/install/apf_description/share/apf_description/environment/path.sh
[0.909s] -- Symlinking: /home/omri/apf_control_ws/install/apf_description/share/apf_description/environment/path.dsv
[0.918s] -- Symlinking: /home/omri/apf_control_ws/install/apf_description/share/apf_description/local_setup.bash
[0.927s] -- Symlinking: /home/omri/apf_control_ws/install/apf_description/share/apf_description/local_setup.sh
[0.936s] -- Symlinking: /home/omri/apf_control_ws/install/apf_description/share/apf_description/local_setup.zsh
[0.945s] -- Symlinking: /home/omri/apf_control_ws/install/apf_description/share/apf_description/local_setup.dsv
[0.955s] -- Symlinking: /home/omri/apf_control_ws/install/apf_description/share/apf_description/package.dsv
[0.967s] -- Symlinking: /home/omri/apf_control_ws/install/apf_description/share/ament_index/resource_index/packages/apf_description
[0.980s] -- Symlinking: /home/omri/apf_control_ws/install/apf_description/share/apf_description/cmake/apf_descriptionConfig.cmake
[0.991s] -- Symlinking: /home/omri/apf_control_ws/install/apf_description/share/apf_description/cmake/apf_descriptionConfig-version.cmake
[1.004s] -- Symlinking: /home/omri/apf_control_ws/install/apf_description/share/apf_description/package.xml
[1.017s] Invoked command in '/home/omri/apf_control_ws/build/apf_description' returned '0': CMAKE_PREFIX_PATH=${CMAKE_PREFIX_PATH}:/home/omri/turtlebot3_ws/install/turtlebot3_teleop:/home/omri/turtlebot3_ws/install/turtlebot3_example:/opt/ros/humble /usr/bin/cmake --install /home/omri/apf_control_ws/build/apf_description
