[0.006s] Invoking command in '/home/omri/apf_control_ws/build/apf_control': CMAKE_PREFIX_PATH=/home/omri/apf_control_ws/install/apf_description:/home/omri/apf_control_ws/install/apf_control:/home/omri/turtlebot3_ws/install/turtlebot3:/home/omri/turtlebot3_ws/install/turtlebot3_simulations:/home/omri/turtlebot3_ws/install/turtlebot3_bringup:/home/omri/turtlebot3_ws/install/turtlebot3_node:/home/omri/turtlebot3_ws/install/turtlebot3_navigation2:/home/omri/turtlebot3_ws/install/turtlebot3_fake_node:/home/omri/turtlebot3_ws/install/turtlebot3_msgs:/home/omri/turtlebot3_ws/install/turtlebot3_gazebo:/home/omri/turtlebot3_ws/install/turtlebot3_description:/home/omri/turtlebot3_ws/install/turtlebot3_cartographer:/home/omri/turtlebot3_ws/install/nav2_fast_marching_planner:/home/omri/turtlebot3_ws/install/dynamixel_sdk_examples:/home/omri/turtlebot3_ws/install/dynamixel_sdk_custom_interfaces:/home/omri/turtlebot3_ws/install/dynamixel_sdk:/home/omri/turtlebot3_ws/install/turtlebot3_teleop:/home/omri/turtlebot3_ws/install/turtlebot3_example:/opt/ros/humble /usr/bin/cmake /home/omri/apf_control_ws/src/apf_control -DAMENT_CMAKE_SYMLINK_INSTALL=1 -DCMAKE_INSTALL_PREFIX=/home/omri/apf_control_ws/install/apf_control
[0.018s] -- Found ament_cmake: 1.3.11 (/opt/ros/humble/share/ament_cmake/cmake)
[0.109s] -- Override CMake install command with custom implementation using symlinks instead of copying resources
[0.112s] -- Found rclpy: 3.3.16 (/opt/ros/humble/share/rclpy/cmake)
[0.112s] -- Found std_msgs: 4.8.0 (/opt/ros/humble/share/std_msgs/cmake)
[0.124s] -- Found rosidl_generator_c: 3.1.6 (/opt/ros/humble/share/rosidl_generator_c/cmake)
[0.125s] -- Found rosidl_adapter: 3.1.6 (/opt/ros/humble/share/rosidl_adapter/cmake)
[0.128s] -- Found rosidl_generator_cpp: 3.1.6 (/opt/ros/humble/share/rosidl_generator_cpp/cmake)
[0.132s] -- Using all available rosidl_typesupport_c: rosidl_typesupport_fastrtps_c;rosidl_typesupport_introspection_c
[0.138s] -- Using all available rosidl_typesupport_cpp: rosidl_typesupport_fastrtps_cpp;rosidl_typesupport_introspection_cpp
[0.148s] -- Found geometry_msgs: 4.8.0 (/opt/ros/humble/share/geometry_msgs/cmake)
[0.153s] -- Found visualization_msgs: 4.8.0 (/opt/ros/humble/share/visualization_msgs/cmake)
[0.169s] -- Found nav_msgs: 4.8.0 (/opt/ros/humble/share/nav_msgs/cmake)
[0.177s] -- Found tf2_ros: 0.25.12 (/opt/ros/humble/share/tf2_ros/cmake)
[0.197s] -- Found rmw_implementation_cmake: 6.1.2 (/opt/ros/humble/share/rmw_implementation_cmake/cmake)
[0.198s] -- Found rmw_fastrtps_cpp: 6.2.7 (/opt/ros/humble/share/rmw_fastrtps_cpp/cmake)
[0.255s] -- Using RMW implementation 'rmw_fastrtps_cpp' as default
[0.301s] -- Found apf_description: 0.0.0 (/home/omri/apf_control_ws/install/apf_description/share/apf_description/cmake)
[0.336s] -- Found ament_lint_auto: 0.12.12 (/opt/ros/humble/share/ament_lint_auto/cmake)
[0.371s] -- Added test 'flake8' to check Python code syntax and style conventions
[0.371s] -- Added test 'lint_cmake' to check CMake code style
[0.371s] -- Added test 'pep257' to check Python code against some of the docstring style conventions in PEP 257
[0.372s] -- Added test 'xmllint' to check XML markup files
[0.372s] -- Configuring done
[0.374s] -- Generating done
[0.375s] -- Build files have been written to: /home/omri/apf_control_ws/build/apf_control
[0.381s] Invoked command in '/home/omri/apf_control_ws/build/apf_control' returned '0': CMAKE_PREFIX_PATH=/home/omri/apf_control_ws/install/apf_description:/home/omri/apf_control_ws/install/apf_control:/home/omri/turtlebot3_ws/install/turtlebot3:/home/omri/turtlebot3_ws/install/turtlebot3_simulations:/home/omri/turtlebot3_ws/install/turtlebot3_bringup:/home/omri/turtlebot3_ws/install/turtlebot3_node:/home/omri/turtlebot3_ws/install/turtlebot3_navigation2:/home/omri/turtlebot3_ws/install/turtlebot3_fake_node:/home/omri/turtlebot3_ws/install/turtlebot3_msgs:/home/omri/turtlebot3_ws/install/turtlebot3_gazebo:/home/omri/turtlebot3_ws/install/turtlebot3_description:/home/omri/turtlebot3_ws/install/turtlebot3_cartographer:/home/omri/turtlebot3_ws/install/nav2_fast_marching_planner:/home/omri/turtlebot3_ws/install/dynamixel_sdk_examples:/home/omri/turtlebot3_ws/install/dynamixel_sdk_custom_interfaces:/home/omri/turtlebot3_ws/install/dynamixel_sdk:/home/omri/turtlebot3_ws/install/turtlebot3_teleop:/home/omri/turtlebot3_ws/install/turtlebot3_example:/opt/ros/humble /usr/bin/cmake /home/omri/apf_control_ws/src/apf_control -DAMENT_CMAKE_SYMLINK_INSTALL=1 -DCMAKE_INSTALL_PREFIX=/home/omri/apf_control_ws/install/apf_control
[0.381s] Invoking command in '/home/omri/apf_control_ws/build/apf_control': CMAKE_PREFIX_PATH=/home/omri/apf_control_ws/install/apf_description:/home/omri/apf_control_ws/install/apf_control:/home/omri/turtlebot3_ws/install/turtlebot3:/home/omri/turtlebot3_ws/install/turtlebot3_simulations:/home/omri/turtlebot3_ws/install/turtlebot3_bringup:/home/omri/turtlebot3_ws/install/turtlebot3_node:/home/omri/turtlebot3_ws/install/turtlebot3_navigation2:/home/omri/turtlebot3_ws/install/turtlebot3_fake_node:/home/omri/turtlebot3_ws/install/turtlebot3_msgs:/home/omri/turtlebot3_ws/install/turtlebot3_gazebo:/home/omri/turtlebot3_ws/install/turtlebot3_description:/home/omri/turtlebot3_ws/install/turtlebot3_cartographer:/home/omri/turtlebot3_ws/install/nav2_fast_marching_planner:/home/omri/turtlebot3_ws/install/dynamixel_sdk_examples:/home/omri/turtlebot3_ws/install/dynamixel_sdk_custom_interfaces:/home/omri/turtlebot3_ws/install/dynamixel_sdk:/home/omri/turtlebot3_ws/install/turtlebot3_teleop:/home/omri/turtlebot3_ws/install/turtlebot3_example:/opt/ros/humble /usr/bin/cmake --build /home/omri/apf_control_ws/build/apf_control -- -j32 -l32
[0.441s] Built target ament_cmake_python_symlink_apf_control
[0.577s] running egg_info
[0.577s] writing apf_control.egg-info/PKG-INFO
[0.577s] writing dependency_links to apf_control.egg-info/dependency_links.txt
[0.577s] writing top-level names to apf_control.egg-info/top_level.txt
[0.578s] reading manifest file 'apf_control.egg-info/SOURCES.txt'
[0.578s] writing manifest file 'apf_control.egg-info/SOURCES.txt'
[0.593s] Built target ament_cmake_python_build_apf_control_egg
[0.601s] Invoked command in '/home/omri/apf_control_ws/build/apf_control' returned '0': CMAKE_PREFIX_PATH=/home/omri/apf_control_ws/install/apf_description:/home/omri/apf_control_ws/install/apf_control:/home/omri/turtlebot3_ws/install/turtlebot3:/home/omri/turtlebot3_ws/install/turtlebot3_simulations:/home/omri/turtlebot3_ws/install/turtlebot3_bringup:/home/omri/turtlebot3_ws/install/turtlebot3_node:/home/omri/turtlebot3_ws/install/turtlebot3_navigation2:/home/omri/turtlebot3_ws/install/turtlebot3_fake_node:/home/omri/turtlebot3_ws/install/turtlebot3_msgs:/home/omri/turtlebot3_ws/install/turtlebot3_gazebo:/home/omri/turtlebot3_ws/install/turtlebot3_description:/home/omri/turtlebot3_ws/install/turtlebot3_cartographer:/home/omri/turtlebot3_ws/install/nav2_fast_marching_planner:/home/omri/turtlebot3_ws/install/dynamixel_sdk_examples:/home/omri/turtlebot3_ws/install/dynamixel_sdk_custom_interfaces:/home/omri/turtlebot3_ws/install/dynamixel_sdk:/home/omri/turtlebot3_ws/install/turtlebot3_teleop:/home/omri/turtlebot3_ws/install/turtlebot3_example:/opt/ros/humble /usr/bin/cmake --build /home/omri/apf_control_ws/build/apf_control -- -j32 -l32
[0.601s] Invoking command in '/home/omri/apf_control_ws/build/apf_control': CMAKE_PREFIX_PATH=/home/omri/apf_control_ws/install/apf_description:/home/omri/apf_control_ws/install/apf_control:/home/omri/turtlebot3_ws/install/turtlebot3:/home/omri/turtlebot3_ws/install/turtlebot3_simulations:/home/omri/turtlebot3_ws/install/turtlebot3_bringup:/home/omri/turtlebot3_ws/install/turtlebot3_node:/home/omri/turtlebot3_ws/install/turtlebot3_navigation2:/home/omri/turtlebot3_ws/install/turtlebot3_fake_node:/home/omri/turtlebot3_ws/install/turtlebot3_msgs:/home/omri/turtlebot3_ws/install/turtlebot3_gazebo:/home/omri/turtlebot3_ws/install/turtlebot3_description:/home/omri/turtlebot3_ws/install/turtlebot3_cartographer:/home/omri/turtlebot3_ws/install/nav2_fast_marching_planner:/home/omri/turtlebot3_ws/install/dynamixel_sdk_examples:/home/omri/turtlebot3_ws/install/dynamixel_sdk_custom_interfaces:/home/omri/turtlebot3_ws/install/dynamixel_sdk:/home/omri/turtlebot3_ws/install/turtlebot3_teleop:/home/omri/turtlebot3_ws/install/turtlebot3_example:/opt/ros/humble /usr/bin/cmake --install /home/omri/apf_control_ws/build/apf_control
[0.607s] -- Install configuration: ""
[0.607s] -- Execute custom install script
[0.607s] -- Up-to-date symlink: /home/omri/apf_control_ws/install/apf_control/share/apf_control/environment/pythonpath.sh
[0.607s] -- Up-to-date symlink: /home/omri/apf_control_ws/install/apf_control/share/apf_control/environment/pythonpath.dsv
[0.607s] -- Up-to-date symlink: /home/omri/apf_control_ws/install/apf_control/local/lib/python3.10/dist-packages/apf_control-0.0.0-py3.10.egg-info/PKG-INFO
[0.607s] -- Up-to-date symlink: /home/omri/apf_control_ws/install/apf_control/local/lib/python3.10/dist-packages/apf_control-0.0.0-py3.10.egg-info/SOURCES.txt
[0.607s] -- Up-to-date symlink: /home/omri/apf_control_ws/install/apf_control/local/lib/python3.10/dist-packages/apf_control-0.0.0-py3.10.egg-info/dependency_links.txt
[0.607s] -- Up-to-date symlink: /home/omri/apf_control_ws/install/apf_control/local/lib/python3.10/dist-packages/apf_control-0.0.0-py3.10.egg-info/top_level.txt
[0.608s] -- Up-to-date symlink: /home/omri/apf_control_ws/install/apf_control/local/lib/python3.10/dist-packages/apf_control/__init__.py
[0.608s] -- Up-to-date symlink: /home/omri/apf_control_ws/install/apf_control/local/lib/python3.10/dist-packages/apf_control/apf_controller.py
[0.608s] -- Up-to-date symlink: /home/omri/apf_control_ws/install/apf_control/share/apf_control/config/apf.yaml
[0.608s] -- Up-to-date symlink: /home/omri/apf_control_ws/install/apf_control/share/apf_control/config/apf_controllers.yaml
[0.608s] -- Up-to-date symlink: /home/omri/apf_control_ws/install/apf_control/share/apf_control/launch/apf.launch.py
[0.608s] -- Up-to-date symlink: /home/omri/apf_control_ws/install/apf_control/lib/apf_control/apf_controller.py
[0.608s] -- Up-to-date symlink: /home/omri/apf_control_ws/install/apf_control/share/ament_index/resource_index/package_run_dependencies/apf_control
[0.608s] -- Up-to-date symlink: /home/omri/apf_control_ws/install/apf_control/share/ament_index/resource_index/parent_prefix_path/apf_control
[0.608s] -- Up-to-date symlink: /home/omri/apf_control_ws/install/apf_control/share/apf_control/environment/ament_prefix_path.sh
[0.608s] -- Up-to-date symlink: /home/omri/apf_control_ws/install/apf_control/share/apf_control/environment/ament_prefix_path.dsv
[0.608s] -- Up-to-date symlink: /home/omri/apf_control_ws/install/apf_control/share/apf_control/environment/path.sh
[0.608s] -- Up-to-date symlink: /home/omri/apf_control_ws/install/apf_control/share/apf_control/environment/path.dsv
[0.608s] -- Up-to-date symlink: /home/omri/apf_control_ws/install/apf_control/share/apf_control/local_setup.bash
[0.608s] -- Up-to-date symlink: /home/omri/apf_control_ws/install/apf_control/share/apf_control/local_setup.sh
[0.608s] -- Up-to-date symlink: /home/omri/apf_control_ws/install/apf_control/share/apf_control/local_setup.zsh
[0.608s] -- Up-to-date symlink: /home/omri/apf_control_ws/install/apf_control/share/apf_control/local_setup.dsv
[0.608s] -- Symlinking: /home/omri/apf_control_ws/install/apf_control/share/apf_control/package.dsv
[0.615s] -- Up-to-date symlink: /home/omri/apf_control_ws/install/apf_control/share/ament_index/resource_index/packages/apf_control
[0.615s] -- Up-to-date symlink: /home/omri/apf_control_ws/install/apf_control/share/apf_control/cmake/apf_controlConfig.cmake
[0.616s] -- Up-to-date symlink: /home/omri/apf_control_ws/install/apf_control/share/apf_control/cmake/apf_controlConfig-version.cmake
[0.616s] -- Up-to-date symlink: /home/omri/apf_control_ws/install/apf_control/share/apf_control/package.xml
[0.638s] Listing '/home/omri/apf_control_ws/install/apf_control/local/lib/python3.10/dist-packages/apf_control'...
[0.642s] Invoked command in '/home/omri/apf_control_ws/build/apf_control' returned '0': CMAKE_PREFIX_PATH=/home/omri/apf_control_ws/install/apf_description:/home/omri/apf_control_ws/install/apf_control:/home/omri/turtlebot3_ws/install/turtlebot3:/home/omri/turtlebot3_ws/install/turtlebot3_simulations:/home/omri/turtlebot3_ws/install/turtlebot3_bringup:/home/omri/turtlebot3_ws/install/turtlebot3_node:/home/omri/turtlebot3_ws/install/turtlebot3_navigation2:/home/omri/turtlebot3_ws/install/turtlebot3_fake_node:/home/omri/turtlebot3_ws/install/turtlebot3_msgs:/home/omri/turtlebot3_ws/install/turtlebot3_gazebo:/home/omri/turtlebot3_ws/install/turtlebot3_description:/home/omri/turtlebot3_ws/install/turtlebot3_cartographer:/home/omri/turtlebot3_ws/install/nav2_fast_marching_planner:/home/omri/turtlebot3_ws/install/dynamixel_sdk_examples:/home/omri/turtlebot3_ws/install/dynamixel_sdk_custom_interfaces:/home/omri/turtlebot3_ws/install/dynamixel_sdk:/home/omri/turtlebot3_ws/install/turtlebot3_teleop:/home/omri/turtlebot3_ws/install/turtlebot3_example:/opt/ros/humble /usr/bin/cmake --install /home/omri/apf_control_ws/build/apf_control
