[0.006s] Invoking command in '/home/omri/apf_control_ws/build/apf_control': AMENT_PREFIX_PATH=/home/omri/apf_control_ws/install/apf_description:${AMENT_PREFIX_PATH} CMAKE_PREFIX_PATH=/home/omri/apf_control_ws/install/apf_description:/home/omri/turtlebot3_ws/install/turtlebot3:/home/omri/turtlebot3_ws/install/turtlebot3_simulations:/home/omri/turtlebot3_ws/install/turtlebot3_bringup:/home/omri/turtlebot3_ws/install/turtlebot3_node:/home/omri/turtlebot3_ws/install/turtlebot3_navigation2:/home/omri/turtlebot3_ws/install/turtlebot3_fake_node:/home/omri/turtlebot3_ws/install/turtlebot3_msgs:/home/omri/turtlebot3_ws/install/turtlebot3_gazebo:/home/omri/turtlebot3_ws/install/turtlebot3_description:/home/omri/turtlebot3_ws/install/turtlebot3_cartographer:/home/omri/turtlebot3_ws/install/nav2_fast_marching_planner:/home/omri/turtlebot3_ws/install/dynamixel_sdk_examples:/home/omri/turtlebot3_ws/install/dynamixel_sdk_custom_interfaces:/home/omri/turtlebot3_ws/install/dynamixel_sdk:/home/omri/turtlebot3_ws/install/turtlebot3_teleop:/home/omri/turtlebot3_ws/install/turtlebot3_example:/opt/ros/humble /usr/bin/cmake /home/omri/apf_control_ws/src/apf_control -DAMENT_CMAKE_SYMLINK_INSTALL=1 -DCMAKE_INSTALL_PREFIX=/home/omri/apf_control_ws/install/apf_control
[0.071s] -- The C compiler identification is GNU 11.4.0
[0.137s] -- The CXX compiler identification is GNU 11.4.0
[0.140s] -- Detecting C compiler ABI info
[0.206s] -- Detecting C compiler ABI info - done
[0.215s] -- Check for working C compiler: /usr/bin/cc - skipped
[0.215s] -- Detecting C compile features
[0.216s] -- Detecting C compile features - done
[0.218s] -- Detecting CXX compiler ABI info
[0.305s] -- Detecting CXX compiler ABI info - done
[0.309s] -- Check for working CXX compiler: /usr/bin/c++ - skipped
[0.309s] -- Detecting CXX compile features
[0.309s] -- Detecting CXX compile features - done
[0.311s] -- Found ament_cmake: 1.3.11 (/opt/ros/humble/share/ament_cmake/cmake)
[0.432s] -- Found Python3: /usr/bin/python3 (found version "3.10.12") found components: Interpreter 
[0.470s] -- Override CMake install command with custom implementation using symlinks instead of copying resources
[0.493s] -- Found rclpy: 3.3.16 (/opt/ros/humble/share/rclpy/cmake)
[0.495s] -- Found std_msgs: 4.8.0 (/opt/ros/humble/share/std_msgs/cmake)
[0.532s] -- Found rosidl_generator_c: 3.1.6 (/opt/ros/humble/share/rosidl_generator_c/cmake)
[0.535s] -- Found rosidl_adapter: 3.1.6 (/opt/ros/humble/share/rosidl_adapter/cmake)
[0.540s] -- Found rosidl_generator_cpp: 3.1.6 (/opt/ros/humble/share/rosidl_generator_cpp/cmake)
[0.547s] -- Using all available rosidl_typesupport_c: rosidl_typesupport_fastrtps_c;rosidl_typesupport_introspection_c
[0.557s] -- Using all available rosidl_typesupport_cpp: rosidl_typesupport_fastrtps_cpp;rosidl_typesupport_introspection_cpp
[0.571s] -- Found geometry_msgs: 4.8.0 (/opt/ros/humble/share/geometry_msgs/cmake)
[0.577s] -- Found sensor_msgs: 4.8.0 (/opt/ros/humble/share/sensor_msgs/cmake)
[0.586s] -- Found nav_msgs: 4.8.0 (/opt/ros/humble/share/nav_msgs/cmake)
[0.594s] -- Found tf2_ros: 0.25.12 (/opt/ros/humble/share/tf2_ros/cmake)
[0.634s] -- Found rmw_implementation_cmake: 6.1.2 (/opt/ros/humble/share/rmw_implementation_cmake/cmake)
[0.636s] -- Found rmw_fastrtps_cpp: 6.2.7 (/opt/ros/humble/share/rmw_fastrtps_cpp/cmake)
[0.712s] -- Found OpenSSL: /usr/lib/x86_64-linux-gnu/libcrypto.so (found version "3.0.2")  
[0.741s] -- Found FastRTPS: /opt/ros/humble/include  
[0.768s] -- Using RMW implementation 'rmw_fastrtps_cpp' as default
[0.788s] -- Looking for pthread.h
[0.875s] -- Looking for pthread.h - found
[0.875s] -- Performing Test CMAKE_HAVE_LIBC_PTHREAD
[0.968s] -- Performing Test CMAKE_HAVE_LIBC_PTHREAD - Success
[0.969s] -- Found Threads: TRUE  
[1.051s] -- Found apf_description: 0.0.0 (/home/omri/apf_control_ws/install/apf_description/share/apf_description/cmake)
[1.108s] -- Found ament_lint_auto: 0.12.12 (/opt/ros/humble/share/ament_lint_auto/cmake)
[1.152s] -- Added test 'flake8' to check Python code syntax and style conventions
[1.152s] -- Added test 'lint_cmake' to check CMake code style
[1.152s] -- Added test 'pep257' to check Python code against some of the docstring style conventions in PEP 257
[1.153s] -- Added test 'xmllint' to check XML markup files
[1.154s] -- Configuring done
[1.156s] -- Generating done
[1.157s] -- Build files have been written to: /home/omri/apf_control_ws/build/apf_control
[1.163s] Invoked command in '/home/omri/apf_control_ws/build/apf_control' returned '0': AMENT_PREFIX_PATH=/home/omri/apf_control_ws/install/apf_description:${AMENT_PREFIX_PATH} CMAKE_PREFIX_PATH=/home/omri/apf_control_ws/install/apf_description:/home/omri/turtlebot3_ws/install/turtlebot3:/home/omri/turtlebot3_ws/install/turtlebot3_simulations:/home/omri/turtlebot3_ws/install/turtlebot3_bringup:/home/omri/turtlebot3_ws/install/turtlebot3_node:/home/omri/turtlebot3_ws/install/turtlebot3_navigation2:/home/omri/turtlebot3_ws/install/turtlebot3_fake_node:/home/omri/turtlebot3_ws/install/turtlebot3_msgs:/home/omri/turtlebot3_ws/install/turtlebot3_gazebo:/home/omri/turtlebot3_ws/install/turtlebot3_description:/home/omri/turtlebot3_ws/install/turtlebot3_cartographer:/home/omri/turtlebot3_ws/install/nav2_fast_marching_planner:/home/omri/turtlebot3_ws/install/dynamixel_sdk_examples:/home/omri/turtlebot3_ws/install/dynamixel_sdk_custom_interfaces:/home/omri/turtlebot3_ws/install/dynamixel_sdk:/home/omri/turtlebot3_ws/install/turtlebot3_teleop:/home/omri/turtlebot3_ws/install/turtlebot3_example:/opt/ros/humble /usr/bin/cmake /home/omri/apf_control_ws/src/apf_control -DAMENT_CMAKE_SYMLINK_INSTALL=1 -DCMAKE_INSTALL_PREFIX=/home/omri/apf_control_ws/install/apf_control
[1.164s] Invoking command in '/home/omri/apf_control_ws/build/apf_control': AMENT_PREFIX_PATH=/home/omri/apf_control_ws/install/apf_description:${AMENT_PREFIX_PATH} CMAKE_PREFIX_PATH=/home/omri/apf_control_ws/install/apf_description:/home/omri/turtlebot3_ws/install/turtlebot3:/home/omri/turtlebot3_ws/install/turtlebot3_simulations:/home/omri/turtlebot3_ws/install/turtlebot3_bringup:/home/omri/turtlebot3_ws/install/turtlebot3_node:/home/omri/turtlebot3_ws/install/turtlebot3_navigation2:/home/omri/turtlebot3_ws/install/turtlebot3_fake_node:/home/omri/turtlebot3_ws/install/turtlebot3_msgs:/home/omri/turtlebot3_ws/install/turtlebot3_gazebo:/home/omri/turtlebot3_ws/install/turtlebot3_description:/home/omri/turtlebot3_ws/install/turtlebot3_cartographer:/home/omri/turtlebot3_ws/install/nav2_fast_marching_planner:/home/omri/turtlebot3_ws/install/dynamixel_sdk_examples:/home/omri/turtlebot3_ws/install/dynamixel_sdk_custom_interfaces:/home/omri/turtlebot3_ws/install/dynamixel_sdk:/home/omri/turtlebot3_ws/install/turtlebot3_teleop:/home/omri/turtlebot3_ws/install/turtlebot3_example:/opt/ros/humble /usr/bin/cmake --build /home/omri/apf_control_ws/build/apf_control -- -j32 -l32
[1.225s] Built target ament_cmake_python_symlink_apf_control
[1.365s] running egg_info
[1.365s] creating apf_control.egg-info
[1.365s] writing apf_control.egg-info/PKG-INFO
[1.365s] writing dependency_links to apf_control.egg-info/dependency_links.txt
[1.366s] writing top-level names to apf_control.egg-info/top_level.txt
[1.366s] writing manifest file 'apf_control.egg-info/SOURCES.txt'
[1.367s] reading manifest file 'apf_control.egg-info/SOURCES.txt'
[1.367s] writing manifest file 'apf_control.egg-info/SOURCES.txt'
[1.381s] Built target ament_cmake_python_build_apf_control_egg
[1.389s] Invoked command in '/home/omri/apf_control_ws/build/apf_control' returned '0': AMENT_PREFIX_PATH=/home/omri/apf_control_ws/install/apf_description:${AMENT_PREFIX_PATH} CMAKE_PREFIX_PATH=/home/omri/apf_control_ws/install/apf_description:/home/omri/turtlebot3_ws/install/turtlebot3:/home/omri/turtlebot3_ws/install/turtlebot3_simulations:/home/omri/turtlebot3_ws/install/turtlebot3_bringup:/home/omri/turtlebot3_ws/install/turtlebot3_node:/home/omri/turtlebot3_ws/install/turtlebot3_navigation2:/home/omri/turtlebot3_ws/install/turtlebot3_fake_node:/home/omri/turtlebot3_ws/install/turtlebot3_msgs:/home/omri/turtlebot3_ws/install/turtlebot3_gazebo:/home/omri/turtlebot3_ws/install/turtlebot3_description:/home/omri/turtlebot3_ws/install/turtlebot3_cartographer:/home/omri/turtlebot3_ws/install/nav2_fast_marching_planner:/home/omri/turtlebot3_ws/install/dynamixel_sdk_examples:/home/omri/turtlebot3_ws/install/dynamixel_sdk_custom_interfaces:/home/omri/turtlebot3_ws/install/dynamixel_sdk:/home/omri/turtlebot3_ws/install/turtlebot3_teleop:/home/omri/turtlebot3_ws/install/turtlebot3_example:/opt/ros/humble /usr/bin/cmake --build /home/omri/apf_control_ws/build/apf_control -- -j32 -l32
[1.389s] Invoking command in '/home/omri/apf_control_ws/build/apf_control': AMENT_PREFIX_PATH=/home/omri/apf_control_ws/install/apf_description:${AMENT_PREFIX_PATH} CMAKE_PREFIX_PATH=/home/omri/apf_control_ws/install/apf_description:/home/omri/turtlebot3_ws/install/turtlebot3:/home/omri/turtlebot3_ws/install/turtlebot3_simulations:/home/omri/turtlebot3_ws/install/turtlebot3_bringup:/home/omri/turtlebot3_ws/install/turtlebot3_node:/home/omri/turtlebot3_ws/install/turtlebot3_navigation2:/home/omri/turtlebot3_ws/install/turtlebot3_fake_node:/home/omri/turtlebot3_ws/install/turtlebot3_msgs:/home/omri/turtlebot3_ws/install/turtlebot3_gazebo:/home/omri/turtlebot3_ws/install/turtlebot3_description:/home/omri/turtlebot3_ws/install/turtlebot3_cartographer:/home/omri/turtlebot3_ws/install/nav2_fast_marching_planner:/home/omri/turtlebot3_ws/install/dynamixel_sdk_examples:/home/omri/turtlebot3_ws/install/dynamixel_sdk_custom_interfaces:/home/omri/turtlebot3_ws/install/dynamixel_sdk:/home/omri/turtlebot3_ws/install/turtlebot3_teleop:/home/omri/turtlebot3_ws/install/turtlebot3_example:/opt/ros/humble /usr/bin/cmake --install /home/omri/apf_control_ws/build/apf_control
[1.395s] -- Install configuration: ""
[1.395s] -- Execute custom install script
[1.396s] -- Symlinking: /home/omri/apf_control_ws/install/apf_control/share/apf_control/environment/pythonpath.sh
[1.404s] -- Symlinking: /home/omri/apf_control_ws/install/apf_control/share/apf_control/environment/pythonpath.dsv
[1.413s] -- Symlinking: /home/omri/apf_control_ws/install/apf_control/local/lib/python3.10/dist-packages/apf_control-0.0.0-py3.10.egg-info/PKG-INFO
[1.422s] -- Symlinking: /home/omri/apf_control_ws/install/apf_control/local/lib/python3.10/dist-packages/apf_control-0.0.0-py3.10.egg-info/SOURCES.txt
[1.434s] -- Symlinking: /home/omri/apf_control_ws/install/apf_control/local/lib/python3.10/dist-packages/apf_control-0.0.0-py3.10.egg-info/dependency_links.txt
[1.445s] -- Symlinking: /home/omri/apf_control_ws/install/apf_control/local/lib/python3.10/dist-packages/apf_control-0.0.0-py3.10.egg-info/top_level.txt
[1.456s] -- Symlinking: /home/omri/apf_control_ws/install/apf_control/local/lib/python3.10/dist-packages/apf_control/__init__.py
[1.465s] -- Symlinking: /home/omri/apf_control_ws/install/apf_control/local/lib/python3.10/dist-packages/apf_control/apf_controller.py
[1.475s] -- Symlinking: /home/omri/apf_control_ws/install/apf_control/share/apf_control/config/apf.yaml
[1.485s] -- Symlinking: /home/omri/apf_control_ws/install/apf_control/share/apf_control/config/apf_controllers.yaml
[1.494s] -- Symlinking: /home/omri/apf_control_ws/install/apf_control/share/apf_control/launch/apf.launch.py
[1.503s] -- Symlinking: /home/omri/apf_control_ws/install/apf_control/lib/apf_control/apf_controller.py
[1.513s] -- Symlinking: /home/omri/apf_control_ws/install/apf_control/share/ament_index/resource_index/package_run_dependencies/apf_control
[1.522s] -- Symlinking: /home/omri/apf_control_ws/install/apf_control/share/ament_index/resource_index/parent_prefix_path/apf_control
[1.531s] -- Symlinking: /home/omri/apf_control_ws/install/apf_control/share/apf_control/environment/ament_prefix_path.sh
[1.543s] -- Symlinking: /home/omri/apf_control_ws/install/apf_control/share/apf_control/environment/ament_prefix_path.dsv
[1.553s] -- Symlinking: /home/omri/apf_control_ws/install/apf_control/share/apf_control/environment/path.sh
[1.562s] -- Symlinking: /home/omri/apf_control_ws/install/apf_control/share/apf_control/environment/path.dsv
[1.571s] -- Symlinking: /home/omri/apf_control_ws/install/apf_control/share/apf_control/local_setup.bash
[1.581s] -- Symlinking: /home/omri/apf_control_ws/install/apf_control/share/apf_control/local_setup.sh
[1.590s] -- Symlinking: /home/omri/apf_control_ws/install/apf_control/share/apf_control/local_setup.zsh
[1.597s] -- Symlinking: /home/omri/apf_control_ws/install/apf_control/share/apf_control/local_setup.dsv
[1.605s] -- Symlinking: /home/omri/apf_control_ws/install/apf_control/share/apf_control/package.dsv
[1.615s] -- Symlinking: /home/omri/apf_control_ws/install/apf_control/share/ament_index/resource_index/packages/apf_control
[1.625s] -- Symlinking: /home/omri/apf_control_ws/install/apf_control/share/apf_control/cmake/apf_controlConfig.cmake
[1.635s] -- Symlinking: /home/omri/apf_control_ws/install/apf_control/share/apf_control/cmake/apf_controlConfig-version.cmake
[1.646s] -- Symlinking: /home/omri/apf_control_ws/install/apf_control/share/apf_control/package.xml
[1.683s] Listing '/home/omri/apf_control_ws/install/apf_control/local/lib/python3.10/dist-packages/apf_control'...
[1.683s] Compiling '/home/omri/apf_control_ws/install/apf_control/local/lib/python3.10/dist-packages/apf_control/__init__.py'...
[1.683s] Compiling '/home/omri/apf_control_ws/install/apf_control/local/lib/python3.10/dist-packages/apf_control/apf_controller.py'...
[1.687s] Invoked command in '/home/omri/apf_control_ws/build/apf_control' returned '0': AMENT_PREFIX_PATH=/home/omri/apf_control_ws/install/apf_description:${AMENT_PREFIX_PATH} CMAKE_PREFIX_PATH=/home/omri/apf_control_ws/install/apf_description:/home/omri/turtlebot3_ws/install/turtlebot3:/home/omri/turtlebot3_ws/install/turtlebot3_simulations:/home/omri/turtlebot3_ws/install/turtlebot3_bringup:/home/omri/turtlebot3_ws/install/turtlebot3_node:/home/omri/turtlebot3_ws/install/turtlebot3_navigation2:/home/omri/turtlebot3_ws/install/turtlebot3_fake_node:/home/omri/turtlebot3_ws/install/turtlebot3_msgs:/home/omri/turtlebot3_ws/install/turtlebot3_gazebo:/home/omri/turtlebot3_ws/install/turtlebot3_description:/home/omri/turtlebot3_ws/install/turtlebot3_cartographer:/home/omri/turtlebot3_ws/install/nav2_fast_marching_planner:/home/omri/turtlebot3_ws/install/dynamixel_sdk_examples:/home/omri/turtlebot3_ws/install/dynamixel_sdk_custom_interfaces:/home/omri/turtlebot3_ws/install/dynamixel_sdk:/home/omri/turtlebot3_ws/install/turtlebot3_teleop:/home/omri/turtlebot3_ws/install/turtlebot3_example:/opt/ros/humble /usr/bin/cmake --install /home/omri/apf_control_ws/build/apf_control
